TN:
SF:src/operations/measurement_operations.rs
FN:221,<roqoqo::operations::measurement_operations::PragmaGetPauliProduct>::new
FN:107,<<roqoqo::operations::measurement_operations::PragmaGetDensityMatrix as serde::de::Deserialize>::deserialize::__Visitor as serde::de::Visitor>::expecting
FN:58,<roqoqo::operations::measurement_operations::PragmaGetStateVector as roqoqo::operations::Operate>::hqslang
FN:58,<roqoqo::operations::measurement_operations::PragmaGetStateVector as roqoqo::operations::Operate>::hqslang
FN:107,<roqoqo::operations::measurement_operations::PragmaGetDensityMatrix as serde::de::Deserialize>::deserialize::<&mut bincode::de::Deserializer<bincode::de::read::SliceReader, bincode::config::WithOtherLimit<bincode::config::WithOtherTrailing<bincode::config::WithOtherIntEncoding<bincode::config::DefaultOptions, bincode::config::int::FixintEncoding>, bincode::config::trailing::AllowTrailing>, bincode::config::limit::Infinite>>>
FN:222,<roqoqo::operations::measurement_operations::PragmaGetPauliProduct as serde::de::Deserialize>::deserialize::<&mut bincode::de::Deserializer<bincode::de::read::SliceReader, bincode::config::WithOtherLimit<bincode::config::WithOtherTrailing<bincode::config::WithOtherIntEncoding<bincode::config::DefaultOptions, bincode::config::int::FixintEncoding>, bincode::config::trailing::AllowTrailing>, bincode::config::limit::Infinite>>>
FN:221,<roqoqo::operations::measurement_operations::PragmaGetPauliProduct as core::cmp::PartialEq>::eq
FN:58,<roqoqo::operations::measurement_operations::PragmaGetStateVector>::new
FN:222,<roqoqo::operations::measurement_operations::PragmaGetPauliProduct as serde::de::Deserialize>::deserialize::<_>
FN:164,<roqoqo::operations::measurement_operations::PragmaGetOccupationProbability as serde::de::Deserialize>::deserialize::<&mut bincode::de::Deserializer<bincode::de::read::SliceReader, bincode::config::WithOtherLimit<bincode::config::WithOtherTrailing<bincode::config::WithOtherIntEncoding<bincode::config::DefaultOptions, bincode::config::int::FixintEncoding>, bincode::config::trailing::AllowTrailing>, bincode::config::limit::Infinite>>>
FN:40,<roqoqo::operations::measurement_operations::MeasureQubit as roqoqo::operations::Substitute>::remap_qubits
FN:163,<roqoqo::operations::measurement_operations::PragmaGetOccupationProbability>::readout
FN:106,<roqoqo::operations::measurement_operations::PragmaGetDensityMatrix as core::cmp::PartialEq>::ne
FN:164,<roqoqo::operations::measurement_operations::PragmaGetOccupationProbability as serde::ser::Serialize>::serialize::<_>
FN:163,<roqoqo::operations::measurement_operations::PragmaGetOccupationProbability as core::cmp::PartialEq>::eq
FN:106,<roqoqo::operations::measurement_operations::PragmaGetDensityMatrix as core::cmp::PartialEq>::eq
FN:58,<roqoqo::operations::measurement_operations::PragmaGetStateVector>::readout
FN:222,<<roqoqo::operations::measurement_operations::PragmaGetPauliProduct as serde::de::Deserialize>::deserialize::__FieldVisitor as serde::de::Visitor>::visit_bytes::<_>
FN:59,<<roqoqo::operations::measurement_operations::PragmaGetStateVector as serde::de::Deserialize>::deserialize::__Visitor as serde::de::Visitor>::expecting
FN:43,<roqoqo::operations::measurement_operations::MeasureQubit as serde::de::Deserialize>::deserialize::<&mut bincode::de::Deserializer<bincode::de::read::SliceReader, bincode::config::WithOtherLimit<bincode::config::WithOtherTrailing<bincode::config::WithOtherIntEncoding<bincode::config::DefaultOptions, bincode::config::int::FixintEncoding>, bincode::config::trailing::AllowTrailing>, bincode::config::limit::Infinite>>>
FN:164,<roqoqo::operations::measurement_operations::PragmaGetOccupationProbability as serde::de::Deserialize>::deserialize::<_>
FN:164,<roqoqo::operations::measurement_operations::PragmaGetOccupationProbability as serde::de::Deserialize>::deserialize::<&mut serde_json::de::Deserializer<serde_json::read::StrRead>>
FN:289,<roqoqo::operations::measurement_operations::PragmaRepeatedMeasurement as serde::de::Deserialize>::deserialize::<_>
FN:222,<<roqoqo::operations::measurement_operations::PragmaGetPauliProduct as serde::de::Deserialize>::deserialize::__Visitor as serde::de::Visitor>::visit_map::<_>
FN:58,<roqoqo::operations::measurement_operations::PragmaGetStateVector as roqoqo::operations::Operate>::hqslang
FN:59,<<roqoqo::operations::measurement_operations::PragmaGetStateVector as serde::de::Deserialize>::deserialize::__Field as serde::de::Deserialize>::deserialize::<_>
FN:288,<roqoqo::operations::measurement_operations::PragmaRepeatedMeasurement>::new
FN:289,<<roqoqo::operations::measurement_operations::PragmaRepeatedMeasurement as serde::de::Deserialize>::deserialize::__FieldVisitor as serde::de::Visitor>::visit_bytes::<_>
FN:221,<roqoqo::operations::measurement_operations::PragmaGetPauliProduct as roqoqo::operations::Operate>::is_parametrized
FN:288,<roqoqo::operations::measurement_operations::PragmaRepeatedMeasurement>::number_measurements
FN:163,<roqoqo::operations::measurement_operations::PragmaGetOccupationProbability as core::clone::Clone>::clone
FN:58,<roqoqo::operations::measurement_operations::PragmaGetStateVector as core::clone::Clone>::clone
FN:43,<<roqoqo::operations::measurement_operations::MeasureQubit as serde::de::Deserialize>::deserialize::__Visitor as serde::de::Visitor>::visit_map::<_>
FN:40,<roqoqo::operations::measurement_operations::MeasureQubit as roqoqo::operations::Substitute>::remap_qubits::{closure#0}
FN:221,<roqoqo::operations::measurement_operations::PragmaGetPauliProduct>::readout
FN:163,<roqoqo::operations::measurement_operations::PragmaGetOccupationProbability as core::cmp::PartialEq>::eq
FN:259,<roqoqo::operations::measurement_operations::PragmaGetPauliProduct as roqoqo::operations::Substitute>::substitute_parameters
FN:106,<roqoqo::operations::measurement_operations::PragmaGetDensityMatrix>::new
FN:107,<<roqoqo::operations::measurement_operations::PragmaGetDensityMatrix as serde::de::Deserialize>::deserialize::__FieldVisitor as serde::de::Visitor>::visit_str::<_>
FN:43,<roqoqo::operations::measurement_operations::MeasureQubit as serde::de::Deserialize>::deserialize::<&mut serde_json::de::Deserializer<serde_json::read::StrRead>>
FN:288,<roqoqo::operations::measurement_operations::PragmaRepeatedMeasurement>::readout
FN:43,<<roqoqo::operations::measurement_operations::MeasureQubit as serde::de::Deserialize>::deserialize::__FieldVisitor as serde::de::Visitor>::visit_bytes::<_>
FN:107,<<roqoqo::operations::measurement_operations::PragmaGetDensityMatrix as serde::de::Deserialize>::deserialize::__Field as serde::de::Deserialize>::deserialize::<_>
FN:37,<roqoqo::operations::measurement_operations::MeasureQubit as core::cmp::PartialEq>::eq
FN:59,<<roqoqo::operations::measurement_operations::PragmaGetStateVector as serde::de::Deserialize>::deserialize::__FieldVisitor as serde::de::Visitor>::visit_str::<_>
FN:35,<roqoqo::operations::measurement_operations::MeasureQubit as core::fmt::Debug>::fmt
FN:221,<roqoqo::operations::measurement_operations::PragmaGetPauliProduct>::new
FN:106,<roqoqo::operations::measurement_operations::PragmaGetDensityMatrix as roqoqo::operations::Operate>::hqslang
FN:288,<roqoqo::operations::measurement_operations::PragmaRepeatedMeasurement as roqoqo::operations::Operate>::tags
FN:288,<roqoqo::operations::measurement_operations::PragmaRepeatedMeasurement as roqoqo::operations::Operate>::is_parametrized
FN:163,<roqoqo::operations::measurement_operations::PragmaGetOccupationProbability as core::clone::Clone>::clone
FN:288,<roqoqo::operations::measurement_operations::PragmaRepeatedMeasurement as roqoqo::operations::Operate>::hqslang
FN:43,<roqoqo::operations::measurement_operations::MeasureQubit as serde::de::Deserialize>::deserialize::<&mut bincode::de::Deserializer<bincode::de::read::SliceReader, bincode::config::WithOtherLimit<bincode::config::WithOtherTrailing<bincode::config::WithOtherIntEncoding<bincode::config::DefaultOptions, bincode::config::int::FixintEncoding>, bincode::config::trailing::AllowTrailing>, bincode::config::limit::Infinite>>>
FN:58,<roqoqo::operations::measurement_operations::PragmaGetStateVector as core::cmp::PartialEq>::eq
FN:243,<roqoqo::operations::measurement_operations::PragmaGetPauliProduct as roqoqo::operations::Substitute>::remap_qubits
FN:163,<roqoqo::operations::measurement_operations::PragmaGetOccupationProbability>::circuit
FN:163,<roqoqo::operations::measurement_operations::PragmaGetOccupationProbability as roqoqo::operations::Operate>::tags
FN:58,<roqoqo::operations::measurement_operations::PragmaGetStateVector as core::fmt::Debug>::fmt
FN:106,<roqoqo::operations::measurement_operations::PragmaGetDensityMatrix as core::clone::Clone>::clone
FN:58,<roqoqo::operations::measurement_operations::PragmaGetStateVector>::readout
FN:36,<roqoqo::operations::measurement_operations::MeasureQubit as core::clone::Clone>::clone
FN:163,<roqoqo::operations::measurement_operations::PragmaGetOccupationProbability>::new
FN:288,<roqoqo::operations::measurement_operations::PragmaRepeatedMeasurement as core::fmt::Debug>::fmt
FN:163,<roqoqo::operations::measurement_operations::PragmaGetOccupationProbability as core::clone::Clone>::clone
FN:164,<roqoqo::operations::measurement_operations::PragmaGetOccupationProbability as serde::de::Deserialize>::deserialize::<&mut serde_json::de::Deserializer<serde_json::read::StrRead>>
FN:289,<<roqoqo::operations::measurement_operations::PragmaRepeatedMeasurement as serde::de::Deserialize>::deserialize::__Field as serde::de::Deserialize>::deserialize::<serde_json::de::MapKey<serde_json::read::StrRead>>
FN:195,<roqoqo::operations::measurement_operations::PragmaGetOccupationProbability as roqoqo::operations::Substitute>::substitute_parameters
FN:58,<roqoqo::operations::measurement_operations::PragmaGetStateVector as core::cmp::PartialEq>::ne
FN:288,<roqoqo::operations::measurement_operations::PragmaRepeatedMeasurement as roqoqo::operations::Operate>::hqslang
FN:222,<<roqoqo::operations::measurement_operations::PragmaGetPauliProduct as serde::de::Deserialize>::deserialize::__Field as serde::de::Deserialize>::deserialize::<_>
FN:39,<roqoqo::operations::measurement_operations::MeasureQubit as roqoqo::operations::Operate>::tags
FN:43,<roqoqo::operations::measurement_operations::MeasureQubit as serde::ser::Serialize>::serialize::<_>
FN:221,<roqoqo::operations::measurement_operations::PragmaGetPauliProduct>::new
FN:288,<roqoqo::operations::measurement_operations::PragmaRepeatedMeasurement as roqoqo::operations::Operate>::tags
FN:106,<roqoqo::operations::measurement_operations::PragmaGetDensityMatrix as core::clone::Clone>::clone
FN:58,<roqoqo::operations::measurement_operations::PragmaGetStateVector as roqoqo::operations::Operate>::tags
FN:221,<roqoqo::operations::measurement_operations::PragmaGetPauliProduct as roqoqo::operations::Operate>::hqslang
FN:221,<roqoqo::operations::measurement_operations::PragmaGetPauliProduct>::qubit_paulis
FN:106,<roqoqo::operations::measurement_operations::PragmaGetDensityMatrix as core::fmt::Debug>::fmt
FN:210,<roqoqo::operations::measurement_operations::PragmaGetOccupationProbability as roqoqo::operations::InvolveQubits>::involved_qubits
FN:39,<roqoqo::operations::measurement_operations::MeasureQubit>::new
FN:41,<roqoqo::operations::measurement_operations::MeasureQubit as roqoqo::operations::OperateSingleQubit>::qubit
FN:59,<<roqoqo::operations::measurement_operations::PragmaGetStateVector as serde::de::Deserialize>::deserialize::__Visitor as serde::de::Visitor>::visit_map::<_>
FN:221,<roqoqo::operations::measurement_operations::PragmaGetPauliProduct as roqoqo::operations::Operate>::is_parametrized
FN:289,<roqoqo::operations::measurement_operations::PragmaRepeatedMeasurement as serde::de::Deserialize>::deserialize::<&mut bincode::de::Deserializer<bincode::de::read::SliceReader, bincode::config::WithOtherLimit<bincode::config::WithOtherTrailing<bincode::config::WithOtherIntEncoding<bincode::config::DefaultOptions, bincode::config::int::FixintEncoding>, bincode::config::trailing::AllowTrailing>, bincode::config::limit::Infinite>>>
FN:163,<roqoqo::operations::measurement_operations::PragmaGetOccupationProbability as roqoqo::operations::Operate>::is_parametrized
FN:222,<roqoqo::operations::measurement_operations::PragmaGetPauliProduct as serde::de::Deserialize>::deserialize::<&mut bincode::de::Deserializer<bincode::de::read::SliceReader, bincode::config::WithOtherLimit<bincode::config::WithOtherTrailing<bincode::config::WithOtherIntEncoding<bincode::config::DefaultOptions, bincode::config::int::FixintEncoding>, bincode::config::trailing::AllowTrailing>, bincode::config::limit::Infinite>>>
FN:288,<roqoqo::operations::measurement_operations::PragmaRepeatedMeasurement as core::clone::Clone>::clone
FN:106,<roqoqo::operations::measurement_operations::PragmaGetDensityMatrix as roqoqo::operations::Operate>::is_parametrized
FN:106,<roqoqo::operations::measurement_operations::PragmaGetDensityMatrix>::new
FN:163,<roqoqo::operations::measurement_operations::PragmaGetOccupationProbability as core::cmp::PartialEq>::eq
FN:221,<roqoqo::operations::measurement_operations::PragmaGetPauliProduct as roqoqo::operations::Operate>::tags
FN:288,<roqoqo::operations::measurement_operations::PragmaRepeatedMeasurement>::qubit_mapping
FN:106,<roqoqo::operations::measurement_operations::PragmaGetDensityMatrix as roqoqo::operations::Operate>::is_parametrized
FN:289,<<roqoqo::operations::measurement_operations::PragmaRepeatedMeasurement as serde::de::Deserialize>::deserialize::__Visitor as serde::de::Visitor>::expecting
FN:58,<roqoqo::operations::measurement_operations::PragmaGetStateVector>::new
FN:163,<roqoqo::operations::measurement_operations::PragmaGetOccupationProbability>::circuit
FN:288,<roqoqo::operations::measurement_operations::PragmaRepeatedMeasurement as core::clone::Clone>::clone
FN:221,<roqoqo::operations::measurement_operations::PragmaGetPauliProduct as roqoqo::operations::Operate>::hqslang
FN:221,<roqoqo::operations::measurement_operations::PragmaGetPauliProduct>::circuit
FN:59,<<roqoqo::operations::measurement_operations::PragmaGetStateVector as serde::de::Deserialize>::deserialize::__FieldVisitor as serde::de::Visitor>::visit_u64::<_>
FN:163,<roqoqo::operations::measurement_operations::PragmaGetOccupationProbability>::new
FN:39,<roqoqo::operations::measurement_operations::MeasureQubit>::readout_index
FN:58,<roqoqo::operations::measurement_operations::PragmaGetStateVector as core::clone::Clone>::clone
FN:39,<roqoqo::operations::measurement_operations::MeasureQubit as roqoqo::operations::Operate>::is_parametrized
FN:58,<roqoqo::operations::measurement_operations::PragmaGetStateVector as core::clone::Clone>::clone
FN:58,<roqoqo::operations::measurement_operations::PragmaGetStateVector as core::cmp::PartialEq>::ne
FN:164,<<roqoqo::operations::measurement_operations::PragmaGetOccupationProbability as serde::de::Deserialize>::deserialize::__FieldVisitor as serde::de::Visitor>::visit_u64::<_>
FN:221,<roqoqo::operations::measurement_operations::PragmaGetPauliProduct as core::clone::Clone>::clone
FN:39,<roqoqo::operations::measurement_operations::MeasureQubit>::readout
FN:106,<roqoqo::operations::measurement_operations::PragmaGetDensityMatrix>::readout
FN:58,<roqoqo::operations::measurement_operations::PragmaGetStateVector>::circuit
FN:289,<roqoqo::operations::measurement_operations::PragmaRepeatedMeasurement as serde::de::Deserialize>::deserialize::<&mut serde_json::de::Deserializer<serde_json::read::StrRead>>
FN:106,<roqoqo::operations::measurement_operations::PragmaGetDensityMatrix as core::cmp::PartialEq>::eq
FN:40,<roqoqo::operations::measurement_operations::MeasureQubit as roqoqo::operations::Substitute>::remap_qubits::{closure#1}
FN:43,<<roqoqo::operations::measurement_operations::MeasureQubit as serde::de::Deserialize>::deserialize::__FieldVisitor as serde::de::Visitor>::visit_u64::<_>
FN:289,<<roqoqo::operations::measurement_operations::PragmaRepeatedMeasurement as serde::de::Deserialize>::deserialize::__FieldVisitor as serde::de::Visitor>::visit_u64::<_>
FN:163,<roqoqo::operations::measurement_operations::PragmaGetOccupationProbability as roqoqo::operations::Operate>::tags
FN:222,<<roqoqo::operations::measurement_operations::PragmaGetPauliProduct as serde::de::Deserialize>::deserialize::__Field as serde::de::Deserialize>::deserialize::<serde_json::de::MapKey<serde_json::read::StrRead>>
FN:107,<roqoqo::operations::measurement_operations::PragmaGetDensityMatrix as serde::de::Deserialize>::deserialize::<&mut bincode::de::Deserializer<bincode::de::read::SliceReader, bincode::config::WithOtherLimit<bincode::config::WithOtherTrailing<bincode::config::WithOtherIntEncoding<bincode::config::DefaultOptions, bincode::config::int::FixintEncoding>, bincode::config::trailing::AllowTrailing>, bincode::config::limit::Infinite>>>
FN:106,<roqoqo::operations::measurement_operations::PragmaGetDensityMatrix>::readout
FN:222,<roqoqo::operations::measurement_operations::PragmaGetPauliProduct as serde::ser::Serialize>::serialize::<_>
FN:107,<<roqoqo::operations::measurement_operations::PragmaGetDensityMatrix as serde::de::Deserialize>::deserialize::__Visitor as serde::de::Visitor>::visit_seq::<_>
FN:59,<<roqoqo::operations::measurement_operations::PragmaGetStateVector as serde::de::Deserialize>::deserialize::__FieldVisitor as serde::de::Visitor>::expecting
FN:43,<<roqoqo::operations::measurement_operations::MeasureQubit as serde::de::Deserialize>::deserialize::__Visitor as serde::de::Visitor>::visit_seq::<_>
FN:58,<roqoqo::operations::measurement_operations::PragmaGetStateVector as roqoqo::operations::Operate>::is_parametrized
FN:221,<roqoqo::operations::measurement_operations::PragmaGetPauliProduct>::readout
FN:58,<roqoqo::operations::measurement_operations::PragmaGetStateVector>::circuit
FN:288,<roqoqo::operations::measurement_operations::PragmaRepeatedMeasurement>::new
FN:106,<roqoqo::operations::measurement_operations::PragmaGetDensityMatrix as roqoqo::operations::Operate>::tags
FN:288,<roqoqo::operations::measurement_operations::PragmaRepeatedMeasurement as core::clone::Clone>::clone
FN:163,<roqoqo::operations::measurement_operations::PragmaGetOccupationProbability as core::cmp::PartialEq>::ne
FN:39,<roqoqo::operations::measurement_operations::MeasureQubit>::readout_index
FN:39,<roqoqo::operations::measurement_operations::MeasureQubit>::new
FN:36,<roqoqo::operations::measurement_operations::MeasureQubit as core::clone::Clone>::clone
FN:221,<roqoqo::operations::measurement_operations::PragmaGetPauliProduct as core::clone::Clone>::clone
FN:163,<roqoqo::operations::measurement_operations::PragmaGetOccupationProbability as roqoqo::operations::Operate>::is_parametrized
FN:289,<<roqoqo::operations::measurement_operations::PragmaRepeatedMeasurement as serde::de::Deserialize>::deserialize::__Visitor as serde::de::Visitor>::visit_seq::<_>
FN:164,<<roqoqo::operations::measurement_operations::PragmaGetOccupationProbability as serde::de::Deserialize>::deserialize::__Visitor as serde::de::Visitor>::visit_seq::<_>
FN:272,<roqoqo::operations::measurement_operations::PragmaGetPauliProduct as roqoqo::operations::InvolveQubits>::involved_qubits
FN:221,<roqoqo::operations::measurement_operations::PragmaGetPauliProduct as roqoqo::operations::Operate>::tags
FN:38,<roqoqo::operations::measurement_operations::MeasureQubit as roqoqo::operations::InvolveQubits>::involved_qubits
FN:106,<roqoqo::operations::measurement_operations::PragmaGetDensityMatrix as core::cmp::PartialEq>::ne
FN:106,<roqoqo::operations::measurement_operations::PragmaGetDensityMatrix as core::clone::Clone>::clone
FN:106,<roqoqo::operations::measurement_operations::PragmaGetDensityMatrix>::circuit
FN:78,<roqoqo::operations::measurement_operations::PragmaGetStateVector as roqoqo::operations::Substitute>::remap_qubits
FN:107,<<roqoqo::operations::measurement_operations::PragmaGetDensityMatrix as serde::de::Deserialize>::deserialize::__Field as serde::de::Deserialize>::deserialize::<serde_json::de::MapKey<serde_json::read::StrRead>>
FN:58,<roqoqo::operations::measurement_operations::PragmaGetStateVector as roqoqo::operations::Operate>::tags
FN:106,<roqoqo::operations::measurement_operations::PragmaGetDensityMatrix as roqoqo::operations::Operate>::hqslang
FN:163,<roqoqo::operations::measurement_operations::PragmaGetOccupationProbability as roqoqo::operations::Operate>::is_parametrized
FN:107,<roqoqo::operations::measurement_operations::PragmaGetDensityMatrix as serde::de::Deserialize>::deserialize::<&mut serde_json::de::Deserializer<serde_json::read::StrRead>>
FN:59,<roqoqo::operations::measurement_operations::PragmaGetStateVector as serde::de::Deserialize>::deserialize::<&mut bincode::de::Deserializer<bincode::de::read::SliceReader, bincode::config::WithOtherLimit<bincode::config::WithOtherTrailing<bincode::config::WithOtherIntEncoding<bincode::config::DefaultOptions, bincode::config::int::FixintEncoding>, bincode::config::trailing::AllowTrailing>, bincode::config::limit::Infinite>>>
FN:36,<roqoqo::operations::measurement_operations::MeasureQubit as core::clone::Clone>::clone
FN:59,<roqoqo::operations::measurement_operations::PragmaGetStateVector as serde::ser::Serialize>::serialize::<_>
FN:58,<roqoqo::operations::measurement_operations::PragmaGetStateVector>::circuit
FN:221,<roqoqo::operations::measurement_operations::PragmaGetPauliProduct as core::cmp::PartialEq>::ne
FN:183,<roqoqo::operations::measurement_operations::PragmaGetOccupationProbability as roqoqo::operations::Substitute>::remap_qubits
FN:58,<roqoqo::operations::measurement_operations::PragmaGetStateVector as core::clone::Clone>::clone
FN:58,<roqoqo::operations::measurement_operations::PragmaGetStateVector as core::cmp::PartialEq>::eq
FN:163,<roqoqo::operations::measurement_operations::PragmaGetOccupationProbability as core::cmp::PartialEq>::ne
FN:59,<roqoqo::operations::measurement_operations::PragmaGetStateVector as serde::de::Deserialize>::deserialize::<&mut serde_json::de::Deserializer<serde_json::read::StrRead>>
FN:58,<roqoqo::operations::measurement_operations::PragmaGetStateVector as core::cmp::PartialEq>::ne
FN:39,<roqoqo::operations::measurement_operations::MeasureQubit>::readout_index
FN:58,<roqoqo::operations::measurement_operations::PragmaGetStateVector as core::cmp::PartialEq>::eq
FN:221,<roqoqo::operations::measurement_operations::PragmaGetPauliProduct>::qubit_paulis
FN:59,<roqoqo::operations::measurement_operations::PragmaGetStateVector as serde::de::Deserialize>::deserialize::<&mut bincode::de::Deserializer<bincode::de::read::SliceReader, bincode::config::WithOtherLimit<bincode::config::WithOtherTrailing<bincode::config::WithOtherIntEncoding<bincode::config::DefaultOptions, bincode::config::int::FixintEncoding>, bincode::config::trailing::AllowTrailing>, bincode::config::limit::Infinite>>>
FN:289,<<roqoqo::operations::measurement_operations::PragmaRepeatedMeasurement as serde::de::Deserialize>::deserialize::__Field as serde::de::Deserialize>::deserialize::<_>
FN:221,<roqoqo::operations::measurement_operations::PragmaGetPauliProduct as core::clone::Clone>::clone
FN:39,<roqoqo::operations::measurement_operations::MeasureQubit>::new
FN:222,<<roqoqo::operations::measurement_operations::PragmaGetPauliProduct as serde::de::Deserialize>::deserialize::__FieldVisitor as serde::de::Visitor>::visit_str::<_>
FN:164,<<roqoqo::operations::measurement_operations::PragmaGetOccupationProbability as serde::de::Deserialize>::deserialize::__FieldVisitor as serde::de::Visitor>::visit_bytes::<_>
FN:221,<roqoqo::operations::measurement_operations::PragmaGetPauliProduct>::new
FN:288,<roqoqo::operations::measurement_operations::PragmaRepeatedMeasurement>::new
FN:288,<roqoqo::operations::measurement_operations::PragmaRepeatedMeasurement>::readout
FN:43,<roqoqo::operations::measurement_operations::MeasureQubit as serde::de::Deserialize>::deserialize::<_>
FN:106,<roqoqo::operations::measurement_operations::PragmaGetDensityMatrix as core::cmp::PartialEq>::ne
FN:221,<roqoqo::operations::measurement_operations::PragmaGetPauliProduct>::circuit
FN:164,<<roqoqo::operations::measurement_operations::PragmaGetOccupationProbability as serde::de::Deserialize>::deserialize::__FieldVisitor as serde::de::Visitor>::visit_str::<_>
FN:126,<roqoqo::operations::measurement_operations::PragmaGetDensityMatrix as roqoqo::operations::Substitute>::remap_qubits
FN:106,<roqoqo::operations::measurement_operations::PragmaGetDensityMatrix>::new
FN:289,<<roqoqo::operations::measurement_operations::PragmaRepeatedMeasurement as serde::de::Deserialize>::deserialize::__FieldVisitor as serde::de::Visitor>::visit_str::<_>
FN:39,<roqoqo::operations::measurement_operations::MeasureQubit>::new
FN:43,<<roqoqo::operations::measurement_operations::MeasureQubit as serde::de::Deserialize>::deserialize::__Field as serde::de::Deserialize>::deserialize::<serde_json::de::MapKey<serde_json::read::StrRead>>
FN:164,<<roqoqo::operations::measurement_operations::PragmaGetOccupationProbability as serde::de::Deserialize>::deserialize::__Visitor as serde::de::Visitor>::visit_map::<_>
FN:106,<roqoqo::operations::measurement_operations::PragmaGetDensityMatrix as core::cmp::PartialEq>::eq
FN:58,<roqoqo::operations::measurement_operations::PragmaGetStateVector>::new
FN:58,<roqoqo::operations::measurement_operations::PragmaGetStateVector as roqoqo::operations::Operate>::is_parametrized
FN:43,<<roqoqo::operations::measurement_operations::MeasureQubit as serde::de::Deserialize>::deserialize::__FieldVisitor as serde::de::Visitor>::visit_str::<_>
FN:106,<roqoqo::operations::measurement_operations::PragmaGetDensityMatrix>::circuit
FN:163,<roqoqo::operations::measurement_operations::PragmaGetOccupationProbability as core::cmp::PartialEq>::eq
FN:289,<<roqoqo::operations::measurement_operations::PragmaRepeatedMeasurement as serde::de::Deserialize>::deserialize::__FieldVisitor as serde::de::Visitor>::expecting
FN:106,<roqoqo::operations::measurement_operations::PragmaGetDensityMatrix as core::clone::Clone>::clone
FN:39,<roqoqo::operations::measurement_operations::MeasureQubit as roqoqo::operations::Operate>::hqslang
FN:59,<<roqoqo::operations::measurement_operations::PragmaGetStateVector as serde::de::Deserialize>::deserialize::__FieldVisitor as serde::de::Visitor>::visit_bytes::<_>
FN:43,<<roqoqo::operations::measurement_operations::MeasureQubit as serde::de::Deserialize>::deserialize::__Field as serde::de::Deserialize>::deserialize::<serde_json::de::MapKey<serde_json::read::StrRead>>
FN:221,<roqoqo::operations::measurement_operations::PragmaGetPauliProduct>::qubit_paulis
FN:288,<roqoqo::operations::measurement_operations::PragmaRepeatedMeasurement>::qubit_mapping
FN:39,<roqoqo::operations::measurement_operations::MeasureQubit>::readout
FN:39,<roqoqo::operations::measurement_operations::MeasureQubit as roqoqo::operations::Operate>::is_parametrized
FN:288,<roqoqo::operations::measurement_operations::PragmaRepeatedMeasurement>::new
FN:39,<roqoqo::operations::measurement_operations::MeasureQubit as roqoqo::operations::Operate>::tags
FN:107,<<roqoqo::operations::measurement_operations::PragmaGetDensityMatrix as serde::de::Deserialize>::deserialize::__FieldVisitor as serde::de::Visitor>::visit_u64::<_>
FN:221,<roqoqo::operations::measurement_operations::PragmaGetPauliProduct as core::clone::Clone>::clone
FN:36,<roqoqo::operations::measurement_operations::MeasureQubit as core::clone::Clone>::clone
FN:164,<<roqoqo::operations::measurement_operations::PragmaGetOccupationProbability as serde::de::Deserialize>::deserialize::__Field as serde::de::Deserialize>::deserialize::<_>
FN:58,<roqoqo::operations::measurement_operations::PragmaGetStateVector>::readout
FN:99,<roqoqo::operations::measurement_operations::PragmaGetStateVector as roqoqo::operations::InvolveQubits>::involved_qubits
FN:163,<roqoqo::operations::measurement_operations::PragmaGetOccupationProbability as core::cmp::PartialEq>::ne
FN:288,<roqoqo::operations::measurement_operations::PragmaRepeatedMeasurement as roqoqo::operations::Operate>::is_parametrized
FN:58,<roqoqo::operations::measurement_operations::PragmaGetStateVector>::new
FN:163,<roqoqo::operations::measurement_operations::PragmaGetOccupationProbability>::readout
FN:289,<<roqoqo::operations::measurement_operations::PragmaRepeatedMeasurement as serde::de::Deserialize>::deserialize::__Field as serde::de::Deserialize>::deserialize::<serde_json::de::MapKey<serde_json::read::StrRead>>
FN:221,<roqoqo::operations::measurement_operations::PragmaGetPauliProduct as roqoqo::operations::Operate>::tags
FN:106,<roqoqo::operations::measurement_operations::PragmaGetDensityMatrix as core::cmp::PartialEq>::ne
FN:59,<<roqoqo::operations::measurement_operations::PragmaGetStateVector as serde::de::Deserialize>::deserialize::__Field as serde::de::Deserialize>::deserialize::<serde_json::de::MapKey<serde_json::read::StrRead>>
FN:164,<<roqoqo::operations::measurement_operations::PragmaGetOccupationProbability as serde::de::Deserialize>::deserialize::__Field as serde::de::Deserialize>::deserialize::<serde_json::de::MapKey<serde_json::read::StrRead>>
FN:43,<<roqoqo::operations::measurement_operations::MeasureQubit as serde::de::Deserialize>::deserialize::__FieldVisitor as serde::de::Visitor>::expecting
FN:310,<roqoqo::operations::measurement_operations::PragmaRepeatedMeasurement as roqoqo::operations::Substitute>::remap_qubits
FN:59,<roqoqo::operations::measurement_operations::PragmaGetStateVector as serde::de::Deserialize>::deserialize::<_>
FN:163,<roqoqo::operations::measurement_operations::PragmaGetOccupationProbability as roqoqo::operations::Operate>::hqslang
FN:163,<roqoqo::operations::measurement_operations::PragmaGetOccupationProbability as core::cmp::PartialEq>::ne
FN:39,<roqoqo::operations::measurement_operations::MeasureQubit>::readout
FN:222,<<roqoqo::operations::measurement_operations::PragmaGetPauliProduct as serde::de::Deserialize>::deserialize::__FieldVisitor as serde::de::Visitor>::visit_u64::<_>
FN:107,<<roqoqo::operations::measurement_operations::PragmaGetDensityMatrix as serde::de::Deserialize>::deserialize::__Visitor as serde::de::Visitor>::visit_map::<_>
FN:288,<roqoqo::operations::measurement_operations::PragmaRepeatedMeasurement as core::cmp::PartialEq>::ne
FN:39,<roqoqo::operations::measurement_operations::MeasureQubit as roqoqo::operations::Operate>::hqslang
FN:40,<roqoqo::operations::measurement_operations::MeasureQubit as roqoqo::operations::Substitute>::substitute_parameters
FN:164,<<roqoqo::operations::measurement_operations::PragmaGetOccupationProbability as serde::de::Deserialize>::deserialize::__FieldVisitor as serde::de::Visitor>::expecting
FN:39,<roqoqo::operations::measurement_operations::MeasureQubit as roqoqo::operations::Operate>::is_parametrized
FN:106,<roqoqo::operations::measurement_operations::PragmaGetDensityMatrix>::new
FN:163,<roqoqo::operations::measurement_operations::PragmaGetOccupationProbability as core::fmt::Debug>::fmt
FN:163,<roqoqo::operations::measurement_operations::PragmaGetOccupationProbability as roqoqo::operations::Operate>::hqslang
FN:222,<<roqoqo::operations::measurement_operations::PragmaGetPauliProduct as serde::de::Deserialize>::deserialize::__Visitor as serde::de::Visitor>::visit_seq::<_>
FN:221,<roqoqo::operations::measurement_operations::PragmaGetPauliProduct as core::fmt::Debug>::fmt
FN:58,<roqoqo::operations::measurement_operations::PragmaGetStateVector as roqoqo::operations::Operate>::is_parametrized
FN:288,<roqoqo::operations::measurement_operations::PragmaRepeatedMeasurement as roqoqo::operations::Operate>::is_parametrized
FN:39,<roqoqo::operations::measurement_operations::MeasureQubit as roqoqo::operations::Operate>::tags
FN:107,<<roqoqo::operations::measurement_operations::PragmaGetDensityMatrix as serde::de::Deserialize>::deserialize::__Field as serde::de::Deserialize>::deserialize::<serde_json::de::MapKey<serde_json::read::StrRead>>
FN:164,<<roqoqo::operations::measurement_operations::PragmaGetOccupationProbability as serde::de::Deserialize>::deserialize::__Field as serde::de::Deserialize>::deserialize::<serde_json::de::MapKey<serde_json::read::StrRead>>
FN:222,<<roqoqo::operations::measurement_operations::PragmaGetPauliProduct as serde::de::Deserialize>::deserialize::__FieldVisitor as serde::de::Visitor>::expecting
FN:221,<roqoqo::operations::measurement_operations::PragmaGetPauliProduct>::readout
FN:163,<roqoqo::operations::measurement_operations::PragmaGetOccupationProbability as roqoqo::operations::Operate>::hqslang
FN:164,<roqoqo::operations::measurement_operations::PragmaGetOccupationProbability as serde::de::Deserialize>::deserialize::<&mut bincode::de::Deserializer<bincode::de::read::SliceReader, bincode::config::WithOtherLimit<bincode::config::WithOtherTrailing<bincode::config::WithOtherIntEncoding<bincode::config::DefaultOptions, bincode::config::int::FixintEncoding>, bincode::config::trailing::AllowTrailing>, bincode::config::limit::Infinite>>>
FN:87,<roqoqo::operations::measurement_operations::PragmaGetStateVector as roqoqo::operations::Substitute>::substitute_parameters
FN:59,<roqoqo::operations::measurement_operations::PragmaGetStateVector as serde::de::Deserialize>::deserialize::<&mut serde_json::de::Deserializer<serde_json::read::StrRead>>
FN:221,<roqoqo::operations::measurement_operations::PragmaGetPauliProduct as roqoqo::operations::Operate>::is_parametrized
FN:58,<roqoqo::operations::measurement_operations::PragmaGetStateVector as core::cmp::PartialEq>::ne
FN:106,<roqoqo::operations::measurement_operations::PragmaGetDensityMatrix>::readout
FN:222,<<roqoqo::operations::measurement_operations::PragmaGetPauliProduct as serde::de::Deserialize>::deserialize::__Field as serde::de::Deserialize>::deserialize::<serde_json::de::MapKey<serde_json::read::StrRead>>
FN:59,<<roqoqo::operations::measurement_operations::PragmaGetStateVector as serde::de::Deserialize>::deserialize::__Field as serde::de::Deserialize>::deserialize::<serde_json::de::MapKey<serde_json::read::StrRead>>
FN:106,<roqoqo::operations::measurement_operations::PragmaGetDensityMatrix as roqoqo::operations::Operate>::is_parametrized
FN:163,<roqoqo::operations::measurement_operations::PragmaGetOccupationProbability>::readout
FN:58,<roqoqo::operations::measurement_operations::PragmaGetStateVector as roqoqo::operations::Operate>::tags
FN:288,<roqoqo::operations::measurement_operations::PragmaRepeatedMeasurement as roqoqo::operations::Operate>::tags
FN:222,<roqoqo::operations::measurement_operations::PragmaGetPauliProduct as serde::de::Deserialize>::deserialize::<&mut serde_json::de::Deserializer<serde_json::read::StrRead>>
FN:289,<roqoqo::operations::measurement_operations::PragmaRepeatedMeasurement as serde::de::Deserialize>::deserialize::<&mut bincode::de::Deserializer<bincode::de::read::SliceReader, bincode::config::WithOtherLimit<bincode::config::WithOtherTrailing<bincode::config::WithOtherIntEncoding<bincode::config::DefaultOptions, bincode::config::int::FixintEncoding>, bincode::config::trailing::AllowTrailing>, bincode::config::limit::Infinite>>>
FN:163,<roqoqo::operations::measurement_operations::PragmaGetOccupationProbability as roqoqo::operations::Operate>::tags
FN:107,<roqoqo::operations::measurement_operations::PragmaGetDensityMatrix as serde::ser::Serialize>::serialize::<_>
FN:106,<roqoqo::operations::measurement_operations::PragmaGetDensityMatrix as core::cmp::PartialEq>::eq
FN:163,<roqoqo::operations::measurement_operations::PragmaGetOccupationProbability>::new
FN:163,<roqoqo::operations::measurement_operations::PragmaGetOccupationProbability>::circuit
FN:221,<roqoqo::operations::measurement_operations::PragmaGetPauliProduct>::circuit
FN:221,<roqoqo::operations::measurement_operations::PragmaGetPauliProduct as roqoqo::operations::Operate>::hqslang
FN:288,<roqoqo::operations::measurement_operations::PragmaRepeatedMeasurement as core::clone::Clone>::clone
FN:106,<roqoqo::operations::measurement_operations::PragmaGetDensityMatrix as roqoqo::operations::Operate>::tags
FN:58,<roqoqo::operations::measurement_operations::PragmaGetStateVector as core::cmp::PartialEq>::eq
FN:153,<roqoqo::operations::measurement_operations::PragmaGetDensityMatrix as roqoqo::operations::InvolveQubits>::involved_qubits
FN:106,<roqoqo::operations::measurement_operations::PragmaGetDensityMatrix as roqoqo::operations::Operate>::hqslang
FN:107,<roqoqo::operations::measurement_operations::PragmaGetDensityMatrix as serde::de::Deserialize>::deserialize::<&mut serde_json::de::Deserializer<serde_json::read::StrRead>>
FN:107,<<roqoqo::operations::measurement_operations::PragmaGetDensityMatrix as serde::de::Deserialize>::deserialize::__FieldVisitor as serde::de::Visitor>::visit_bytes::<_>
FN:107,<<roqoqo::operations::measurement_operations::PragmaGetDensityMatrix as serde::de::Deserialize>::deserialize::__FieldVisitor as serde::de::Visitor>::expecting
FN:311,<roqoqo::operations::measurement_operations::PragmaRepeatedMeasurement as roqoqo::operations::Substitute>::remap_qubits::{closure#0}
FN:222,<roqoqo::operations::measurement_operations::PragmaGetPauliProduct as serde::de::Deserialize>::deserialize::<&mut serde_json::de::Deserializer<serde_json::read::StrRead>>
FN:138,<roqoqo::operations::measurement_operations::PragmaGetDensityMatrix as roqoqo::operations::Substitute>::substitute_parameters
FN:163,<roqoqo::operations::measurement_operations::PragmaGetOccupationProbability as core::clone::Clone>::clone
FN:59,<<roqoqo::operations::measurement_operations::PragmaGetStateVector as serde::de::Deserialize>::deserialize::__Visitor as serde::de::Visitor>::visit_seq::<_>
FN:106,<roqoqo::operations::measurement_operations::PragmaGetDensityMatrix as roqoqo::operations::Operate>::tags
FN:288,<roqoqo::operations::measurement_operations::PragmaRepeatedMeasurement>::number_measurements
FN:164,<<roqoqo::operations::measurement_operations::PragmaGetOccupationProbability as serde::de::Deserialize>::deserialize::__Visitor as serde::de::Visitor>::expecting
FN:328,<roqoqo::operations::measurement_operations::PragmaRepeatedMeasurement as roqoqo::operations::Substitute>::substitute_parameters
FN:288,<roqoqo::operations::measurement_operations::PragmaRepeatedMeasurement>::number_measurements
FN:43,<<roqoqo::operations::measurement_operations::MeasureQubit as serde::de::Deserialize>::deserialize::__Visitor as serde::de::Visitor>::expecting
FN:106,<roqoqo::operations::measurement_operations::PragmaGetDensityMatrix>::circuit
FN:37,<roqoqo::operations::measurement_operations::MeasureQubit as core::cmp::PartialEq>::ne
FN:288,<roqoqo::operations::measurement_operations::PragmaRepeatedMeasurement>::readout
FN:39,<roqoqo::operations::measurement_operations::MeasureQubit as roqoqo::operations::Operate>::hqslang
FN:288,<roqoqo::operations::measurement_operations::PragmaRepeatedMeasurement>::qubit_mapping
FN:43,<<roqoqo::operations::measurement_operations::MeasureQubit as serde::de::Deserialize>::deserialize::__Field as serde::de::Deserialize>::deserialize::<_>
FN:107,<roqoqo::operations::measurement_operations::PragmaGetDensityMatrix as serde::de::Deserialize>::deserialize::<_>
FN:163,<roqoqo::operations::measurement_operations::PragmaGetOccupationProbability>::new
FN:289,<<roqoqo::operations::measurement_operations::PragmaRepeatedMeasurement as serde::de::Deserialize>::deserialize::__Visitor as serde::de::Visitor>::visit_map::<_>
FN:336,<roqoqo::operations::measurement_operations::PragmaRepeatedMeasurement as roqoqo::operations::InvolveQubits>::involved_qubits
FN:43,<roqoqo::operations::measurement_operations::MeasureQubit as serde::de::Deserialize>::deserialize::<&mut serde_json::de::Deserializer<serde_json::read::StrRead>>
FN:289,<roqoqo::operations::measurement_operations::PragmaRepeatedMeasurement as serde::de::Deserialize>::deserialize::<&mut serde_json::de::Deserializer<serde_json::read::StrRead>>
FN:289,<roqoqo::operations::measurement_operations::PragmaRepeatedMeasurement as serde::ser::Serialize>::serialize::<_>
FN:288,<roqoqo::operations::measurement_operations::PragmaRepeatedMeasurement as roqoqo::operations::Operate>::hqslang
FN:288,<roqoqo::operations::measurement_operations::PragmaRepeatedMeasurement as core::cmp::PartialEq>::eq
FN:222,<<roqoqo::operations::measurement_operations::PragmaGetPauliProduct as serde::de::Deserialize>::deserialize::__Visitor as serde::de::Visitor>::expecting
FNDA:0,<roqoqo::operations::measurement_operations::PragmaGetPauliProduct>::new
FNDA:0,<<roqoqo::operations::measurement_operations::PragmaGetDensityMatrix as serde::de::Deserialize>::deserialize::__Visitor as serde::de::Visitor>::expecting
FNDA:0,<roqoqo::operations::measurement_operations::PragmaGetStateVector as roqoqo::operations::Operate>::hqslang
FNDA:0,<roqoqo::operations::measurement_operations::PragmaGetStateVector as roqoqo::operations::Operate>::hqslang
FNDA:0,<roqoqo::operations::measurement_operations::PragmaGetDensityMatrix as serde::de::Deserialize>::deserialize::<&mut bincode::de::Deserializer<bincode::de::read::SliceReader, bincode::config::WithOtherLimit<bincode::config::WithOtherTrailing<bincode::config::WithOtherIntEncoding<bincode::config::DefaultOptions, bincode::config::int::FixintEncoding>, bincode::config::trailing::AllowTrailing>, bincode::config::limit::Infinite>>>
FNDA:0,<roqoqo::operations::measurement_operations::PragmaGetPauliProduct as serde::de::Deserialize>::deserialize::<&mut bincode::de::Deserializer<bincode::de::read::SliceReader, bincode::config::WithOtherLimit<bincode::config::WithOtherTrailing<bincode::config::WithOtherIntEncoding<bincode::config::DefaultOptions, bincode::config::int::FixintEncoding>, bincode::config::trailing::AllowTrailing>, bincode::config::limit::Infinite>>>
FNDA:0,<roqoqo::operations::measurement_operations::PragmaGetPauliProduct as core::cmp::PartialEq>::eq
FNDA:0,<roqoqo::operations::measurement_operations::PragmaGetStateVector>::new
FNDA:0,<roqoqo::operations::measurement_operations::PragmaGetPauliProduct as serde::de::Deserialize>::deserialize::<_>
FNDA:0,<roqoqo::operations::measurement_operations::PragmaGetOccupationProbability as serde::de::Deserialize>::deserialize::<&mut bincode::de::Deserializer<bincode::de::read::SliceReader, bincode::config::WithOtherLimit<bincode::config::WithOtherTrailing<bincode::config::WithOtherIntEncoding<bincode::config::DefaultOptions, bincode::config::int::FixintEncoding>, bincode::config::trailing::AllowTrailing>, bincode::config::limit::Infinite>>>
FNDA:0,<roqoqo::operations::measurement_operations::MeasureQubit as roqoqo::operations::Substitute>::remap_qubits
FNDA:0,<roqoqo::operations::measurement_operations::PragmaGetOccupationProbability>::readout
FNDA:0,<roqoqo::operations::measurement_operations::PragmaGetDensityMatrix as core::cmp::PartialEq>::ne
FNDA:0,<roqoqo::operations::measurement_operations::PragmaGetOccupationProbability as serde::ser::Serialize>::serialize::<_>
FNDA:0,<roqoqo::operations::measurement_operations::PragmaGetOccupationProbability as core::cmp::PartialEq>::eq
FNDA:0,<roqoqo::operations::measurement_operations::PragmaGetDensityMatrix as core::cmp::PartialEq>::eq
FNDA:0,<roqoqo::operations::measurement_operations::PragmaGetStateVector>::readout
FNDA:0,<<roqoqo::operations::measurement_operations::PragmaGetPauliProduct as serde::de::Deserialize>::deserialize::__FieldVisitor as serde::de::Visitor>::visit_bytes::<_>
FNDA:0,<<roqoqo::operations::measurement_operations::PragmaGetStateVector as serde::de::Deserialize>::deserialize::__Visitor as serde::de::Visitor>::expecting
FNDA:0,<roqoqo::operations::measurement_operations::MeasureQubit as serde::de::Deserialize>::deserialize::<&mut bincode::de::Deserializer<bincode::de::read::SliceReader, bincode::config::WithOtherLimit<bincode::config::WithOtherTrailing<bincode::config::WithOtherIntEncoding<bincode::config::DefaultOptions, bincode::config::int::FixintEncoding>, bincode::config::trailing::AllowTrailing>, bincode::config::limit::Infinite>>>
FNDA:0,<roqoqo::operations::measurement_operations::PragmaGetOccupationProbability as serde::de::Deserialize>::deserialize::<_>
FNDA:0,<roqoqo::operations::measurement_operations::PragmaGetOccupationProbability as serde::de::Deserialize>::deserialize::<&mut serde_json::de::Deserializer<serde_json::read::StrRead>>
FNDA:0,<roqoqo::operations::measurement_operations::PragmaRepeatedMeasurement as serde::de::Deserialize>::deserialize::<_>
FNDA:0,<<roqoqo::operations::measurement_operations::PragmaGetPauliProduct as serde::de::Deserialize>::deserialize::__Visitor as serde::de::Visitor>::visit_map::<_>
FNDA:0,<roqoqo::operations::measurement_operations::PragmaGetStateVector as roqoqo::operations::Operate>::hqslang
FNDA:0,<<roqoqo::operations::measurement_operations::PragmaGetStateVector as serde::de::Deserialize>::deserialize::__Field as serde::de::Deserialize>::deserialize::<_>
FNDA:0,<roqoqo::operations::measurement_operations::PragmaRepeatedMeasurement>::new
FNDA:0,<<roqoqo::operations::measurement_operations::PragmaRepeatedMeasurement as serde::de::Deserialize>::deserialize::__FieldVisitor as serde::de::Visitor>::visit_bytes::<_>
FNDA:0,<roqoqo::operations::measurement_operations::PragmaGetPauliProduct as roqoqo::operations::Operate>::is_parametrized
FNDA:0,<roqoqo::operations::measurement_operations::PragmaRepeatedMeasurement>::number_measurements
FNDA:0,<roqoqo::operations::measurement_operations::PragmaGetOccupationProbability as core::clone::Clone>::clone
FNDA:0,<roqoqo::operations::measurement_operations::PragmaGetStateVector as core::clone::Clone>::clone
FNDA:0,<<roqoqo::operations::measurement_operations::MeasureQubit as serde::de::Deserialize>::deserialize::__Visitor as serde::de::Visitor>::visit_map::<_>
FNDA:0,<roqoqo::operations::measurement_operations::MeasureQubit as roqoqo::operations::Substitute>::remap_qubits::{closure#0}
FNDA:0,<roqoqo::operations::measurement_operations::PragmaGetPauliProduct>::readout
FNDA:0,<roqoqo::operations::measurement_operations::PragmaGetOccupationProbability as core::cmp::PartialEq>::eq
FNDA:0,<roqoqo::operations::measurement_operations::PragmaGetPauliProduct as roqoqo::operations::Substitute>::substitute_parameters
FNDA:0,<roqoqo::operations::measurement_operations::PragmaGetDensityMatrix>::new
FNDA:0,<<roqoqo::operations::measurement_operations::PragmaGetDensityMatrix as serde::de::Deserialize>::deserialize::__FieldVisitor as serde::de::Visitor>::visit_str::<_>
FNDA:0,<roqoqo::operations::measurement_operations::MeasureQubit as serde::de::Deserialize>::deserialize::<&mut serde_json::de::Deserializer<serde_json::read::StrRead>>
FNDA:0,<roqoqo::operations::measurement_operations::PragmaRepeatedMeasurement>::readout
FNDA:0,<<roqoqo::operations::measurement_operations::MeasureQubit as serde::de::Deserialize>::deserialize::__FieldVisitor as serde::de::Visitor>::visit_bytes::<_>
FNDA:0,<<roqoqo::operations::measurement_operations::PragmaGetDensityMatrix as serde::de::Deserialize>::deserialize::__Field as serde::de::Deserialize>::deserialize::<_>
FNDA:0,<roqoqo::operations::measurement_operations::MeasureQubit as core::cmp::PartialEq>::eq
FNDA:0,<<roqoqo::operations::measurement_operations::PragmaGetStateVector as serde::de::Deserialize>::deserialize::__FieldVisitor as serde::de::Visitor>::visit_str::<_>
FNDA:0,<roqoqo::operations::measurement_operations::MeasureQubit as core::fmt::Debug>::fmt
FNDA:0,<roqoqo::operations::measurement_operations::PragmaGetPauliProduct>::new
FNDA:0,<roqoqo::operations::measurement_operations::PragmaGetDensityMatrix as roqoqo::operations::Operate>::hqslang
FNDA:0,<roqoqo::operations::measurement_operations::PragmaRepeatedMeasurement as roqoqo::operations::Operate>::tags
FNDA:0,<roqoqo::operations::measurement_operations::PragmaRepeatedMeasurement as roqoqo::operations::Operate>::is_parametrized
FNDA:0,<roqoqo::operations::measurement_operations::PragmaGetOccupationProbability as core::clone::Clone>::clone
FNDA:0,<roqoqo::operations::measurement_operations::PragmaRepeatedMeasurement as roqoqo::operations::Operate>::hqslang
FNDA:0,<roqoqo::operations::measurement_operations::MeasureQubit as serde::de::Deserialize>::deserialize::<&mut bincode::de::Deserializer<bincode::de::read::SliceReader, bincode::config::WithOtherLimit<bincode::config::WithOtherTrailing<bincode::config::WithOtherIntEncoding<bincode::config::DefaultOptions, bincode::config::int::FixintEncoding>, bincode::config::trailing::AllowTrailing>, bincode::config::limit::Infinite>>>
FNDA:0,<roqoqo::operations::measurement_operations::PragmaGetStateVector as core::cmp::PartialEq>::eq
FNDA:0,<roqoqo::operations::measurement_operations::PragmaGetPauliProduct as roqoqo::operations::Substitute>::remap_qubits
FNDA:0,<roqoqo::operations::measurement_operations::PragmaGetOccupationProbability>::circuit
FNDA:0,<roqoqo::operations::measurement_operations::PragmaGetOccupationProbability as roqoqo::operations::Operate>::tags
FNDA:0,<roqoqo::operations::measurement_operations::PragmaGetStateVector as core::fmt::Debug>::fmt
FNDA:0,<roqoqo::operations::measurement_operations::PragmaGetDensityMatrix as core::clone::Clone>::clone
FNDA:0,<roqoqo::operations::measurement_operations::PragmaGetStateVector>::readout
FNDA:0,<roqoqo::operations::measurement_operations::MeasureQubit as core::clone::Clone>::clone
FNDA:0,<roqoqo::operations::measurement_operations::PragmaGetOccupationProbability>::new
FNDA:0,<roqoqo::operations::measurement_operations::PragmaRepeatedMeasurement as core::fmt::Debug>::fmt
FNDA:0,<roqoqo::operations::measurement_operations::PragmaGetOccupationProbability as core::clone::Clone>::clone
FNDA:0,<roqoqo::operations::measurement_operations::PragmaGetOccupationProbability as serde::de::Deserialize>::deserialize::<&mut serde_json::de::Deserializer<serde_json::read::StrRead>>
FNDA:0,<<roqoqo::operations::measurement_operations::PragmaRepeatedMeasurement as serde::de::Deserialize>::deserialize::__Field as serde::de::Deserialize>::deserialize::<serde_json::de::MapKey<serde_json::read::StrRead>>
FNDA:0,<roqoqo::operations::measurement_operations::PragmaGetOccupationProbability as roqoqo::operations::Substitute>::substitute_parameters
FNDA:0,<roqoqo::operations::measurement_operations::PragmaGetStateVector as core::cmp::PartialEq>::ne
FNDA:0,<roqoqo::operations::measurement_operations::PragmaRepeatedMeasurement as roqoqo::operations::Operate>::hqslang
FNDA:0,<<roqoqo::operations::measurement_operations::PragmaGetPauliProduct as serde::de::Deserialize>::deserialize::__Field as serde::de::Deserialize>::deserialize::<_>
FNDA:0,<roqoqo::operations::measurement_operations::MeasureQubit as roqoqo::operations::Operate>::tags
FNDA:0,<roqoqo::operations::measurement_operations::MeasureQubit as serde::ser::Serialize>::serialize::<_>
FNDA:0,<roqoqo::operations::measurement_operations::PragmaGetPauliProduct>::new
FNDA:0,<roqoqo::operations::measurement_operations::PragmaRepeatedMeasurement as roqoqo::operations::Operate>::tags
FNDA:0,<roqoqo::operations::measurement_operations::PragmaGetDensityMatrix as core::clone::Clone>::clone
FNDA:0,<roqoqo::operations::measurement_operations::PragmaGetStateVector as roqoqo::operations::Operate>::tags
FNDA:0,<roqoqo::operations::measurement_operations::PragmaGetPauliProduct as roqoqo::operations::Operate>::hqslang
FNDA:0,<roqoqo::operations::measurement_operations::PragmaGetPauliProduct>::qubit_paulis
FNDA:0,<roqoqo::operations::measurement_operations::PragmaGetDensityMatrix as core::fmt::Debug>::fmt
FNDA:0,<roqoqo::operations::measurement_operations::PragmaGetOccupationProbability as roqoqo::operations::InvolveQubits>::involved_qubits
FNDA:0,<roqoqo::operations::measurement_operations::MeasureQubit>::new
FNDA:0,<roqoqo::operations::measurement_operations::MeasureQubit as roqoqo::operations::OperateSingleQubit>::qubit
FNDA:0,<<roqoqo::operations::measurement_operations::PragmaGetStateVector as serde::de::Deserialize>::deserialize::__Visitor as serde::de::Visitor>::visit_map::<_>
FNDA:0,<roqoqo::operations::measurement_operations::PragmaGetPauliProduct as roqoqo::operations::Operate>::is_parametrized
FNDA:0,<roqoqo::operations::measurement_operations::PragmaRepeatedMeasurement as serde::de::Deserialize>::deserialize::<&mut bincode::de::Deserializer<bincode::de::read::SliceReader, bincode::config::WithOtherLimit<bincode::config::WithOtherTrailing<bincode::config::WithOtherIntEncoding<bincode::config::DefaultOptions, bincode::config::int::FixintEncoding>, bincode::config::trailing::AllowTrailing>, bincode::config::limit::Infinite>>>
FNDA:0,<roqoqo::operations::measurement_operations::PragmaGetOccupationProbability as roqoqo::operations::Operate>::is_parametrized
FNDA:0,<roqoqo::operations::measurement_operations::PragmaGetPauliProduct as serde::de::Deserialize>::deserialize::<&mut bincode::de::Deserializer<bincode::de::read::SliceReader, bincode::config::WithOtherLimit<bincode::config::WithOtherTrailing<bincode::config::WithOtherIntEncoding<bincode::config::DefaultOptions, bincode::config::int::FixintEncoding>, bincode::config::trailing::AllowTrailing>, bincode::config::limit::Infinite>>>
FNDA:0,<roqoqo::operations::measurement_operations::PragmaRepeatedMeasurement as core::clone::Clone>::clone
FNDA:0,<roqoqo::operations::measurement_operations::PragmaGetDensityMatrix as roqoqo::operations::Operate>::is_parametrized
FNDA:0,<roqoqo::operations::measurement_operations::PragmaGetDensityMatrix>::new
FNDA:0,<roqoqo::operations::measurement_operations::PragmaGetOccupationProbability as core::cmp::PartialEq>::eq
FNDA:0,<roqoqo::operations::measurement_operations::PragmaGetPauliProduct as roqoqo::operations::Operate>::tags
FNDA:0,<roqoqo::operations::measurement_operations::PragmaRepeatedMeasurement>::qubit_mapping
FNDA:0,<roqoqo::operations::measurement_operations::PragmaGetDensityMatrix as roqoqo::operations::Operate>::is_parametrized
FNDA:0,<<roqoqo::operations::measurement_operations::PragmaRepeatedMeasurement as serde::de::Deserialize>::deserialize::__Visitor as serde::de::Visitor>::expecting
FNDA:0,<roqoqo::operations::measurement_operations::PragmaGetStateVector>::new
FNDA:0,<roqoqo::operations::measurement_operations::PragmaGetOccupationProbability>::circuit
FNDA:0,<roqoqo::operations::measurement_operations::PragmaRepeatedMeasurement as core::clone::Clone>::clone
FNDA:0,<roqoqo::operations::measurement_operations::PragmaGetPauliProduct as roqoqo::operations::Operate>::hqslang
FNDA:0,<roqoqo::operations::measurement_operations::PragmaGetPauliProduct>::circuit
FNDA:0,<<roqoqo::operations::measurement_operations::PragmaGetStateVector as serde::de::Deserialize>::deserialize::__FieldVisitor as serde::de::Visitor>::visit_u64::<_>
FNDA:0,<roqoqo::operations::measurement_operations::PragmaGetOccupationProbability>::new
FNDA:0,<roqoqo::operations::measurement_operations::MeasureQubit>::readout_index
FNDA:0,<roqoqo::operations::measurement_operations::PragmaGetStateVector as core::clone::Clone>::clone
FNDA:0,<roqoqo::operations::measurement_operations::MeasureQubit as roqoqo::operations::Operate>::is_parametrized
FNDA:0,<roqoqo::operations::measurement_operations::PragmaGetStateVector as core::clone::Clone>::clone
FNDA:0,<roqoqo::operations::measurement_operations::PragmaGetStateVector as core::cmp::PartialEq>::ne
FNDA:0,<<roqoqo::operations::measurement_operations::PragmaGetOccupationProbability as serde::de::Deserialize>::deserialize::__FieldVisitor as serde::de::Visitor>::visit_u64::<_>
FNDA:0,<roqoqo::operations::measurement_operations::PragmaGetPauliProduct as core::clone::Clone>::clone
FNDA:0,<roqoqo::operations::measurement_operations::MeasureQubit>::readout
FNDA:0,<roqoqo::operations::measurement_operations::PragmaGetDensityMatrix>::readout
FNDA:0,<roqoqo::operations::measurement_operations::PragmaGetStateVector>::circuit
FNDA:0,<roqoqo::operations::measurement_operations::PragmaRepeatedMeasurement as serde::de::Deserialize>::deserialize::<&mut serde_json::de::Deserializer<serde_json::read::StrRead>>
FNDA:0,<roqoqo::operations::measurement_operations::PragmaGetDensityMatrix as core::cmp::PartialEq>::eq
FNDA:0,<roqoqo::operations::measurement_operations::MeasureQubit as roqoqo::operations::Substitute>::remap_qubits::{closure#1}
FNDA:0,<<roqoqo::operations::measurement_operations::MeasureQubit as serde::de::Deserialize>::deserialize::__FieldVisitor as serde::de::Visitor>::visit_u64::<_>
FNDA:0,<<roqoqo::operations::measurement_operations::PragmaRepeatedMeasurement as serde::de::Deserialize>::deserialize::__FieldVisitor as serde::de::Visitor>::visit_u64::<_>
FNDA:0,<roqoqo::operations::measurement_operations::PragmaGetOccupationProbability as roqoqo::operations::Operate>::tags
FNDA:0,<<roqoqo::operations::measurement_operations::PragmaGetPauliProduct as serde::de::Deserialize>::deserialize::__Field as serde::de::Deserialize>::deserialize::<serde_json::de::MapKey<serde_json::read::StrRead>>
FNDA:0,<roqoqo::operations::measurement_operations::PragmaGetDensityMatrix as serde::de::Deserialize>::deserialize::<&mut bincode::de::Deserializer<bincode::de::read::SliceReader, bincode::config::WithOtherLimit<bincode::config::WithOtherTrailing<bincode::config::WithOtherIntEncoding<bincode::config::DefaultOptions, bincode::config::int::FixintEncoding>, bincode::config::trailing::AllowTrailing>, bincode::config::limit::Infinite>>>
FNDA:0,<roqoqo::operations::measurement_operations::PragmaGetDensityMatrix>::readout
FNDA:0,<roqoqo::operations::measurement_operations::PragmaGetPauliProduct as serde::ser::Serialize>::serialize::<_>
FNDA:0,<<roqoqo::operations::measurement_operations::PragmaGetDensityMatrix as serde::de::Deserialize>::deserialize::__Visitor as serde::de::Visitor>::visit_seq::<_>
FNDA:0,<<roqoqo::operations::measurement_operations::PragmaGetStateVector as serde::de::Deserialize>::deserialize::__FieldVisitor as serde::de::Visitor>::expecting
FNDA:0,<<roqoqo::operations::measurement_operations::MeasureQubit as serde::de::Deserialize>::deserialize::__Visitor as serde::de::Visitor>::visit_seq::<_>
FNDA:0,<roqoqo::operations::measurement_operations::PragmaGetStateVector as roqoqo::operations::Operate>::is_parametrized
FNDA:0,<roqoqo::operations::measurement_operations::PragmaGetPauliProduct>::readout
FNDA:0,<roqoqo::operations::measurement_operations::PragmaGetStateVector>::circuit
FNDA:0,<roqoqo::operations::measurement_operations::PragmaRepeatedMeasurement>::new
FNDA:0,<roqoqo::operations::measurement_operations::PragmaGetDensityMatrix as roqoqo::operations::Operate>::tags
FNDA:0,<roqoqo::operations::measurement_operations::PragmaRepeatedMeasurement as core::clone::Clone>::clone
FNDA:0,<roqoqo::operations::measurement_operations::PragmaGetOccupationProbability as core::cmp::PartialEq>::ne
FNDA:0,<roqoqo::operations::measurement_operations::MeasureQubit>::readout_index
FNDA:0,<roqoqo::operations::measurement_operations::MeasureQubit>::new
FNDA:0,<roqoqo::operations::measurement_operations::MeasureQubit as core::clone::Clone>::clone
FNDA:0,<roqoqo::operations::measurement_operations::PragmaGetPauliProduct as core::clone::Clone>::clone
FNDA:0,<roqoqo::operations::measurement_operations::PragmaGetOccupationProbability as roqoqo::operations::Operate>::is_parametrized
FNDA:0,<<roqoqo::operations::measurement_operations::PragmaRepeatedMeasurement as serde::de::Deserialize>::deserialize::__Visitor as serde::de::Visitor>::visit_seq::<_>
FNDA:0,<<roqoqo::operations::measurement_operations::PragmaGetOccupationProbability as serde::de::Deserialize>::deserialize::__Visitor as serde::de::Visitor>::visit_seq::<_>
FNDA:0,<roqoqo::operations::measurement_operations::PragmaGetPauliProduct as roqoqo::operations::InvolveQubits>::involved_qubits
FNDA:0,<roqoqo::operations::measurement_operations::PragmaGetPauliProduct as roqoqo::operations::Operate>::tags
FNDA:0,<roqoqo::operations::measurement_operations::MeasureQubit as roqoqo::operations::InvolveQubits>::involved_qubits
FNDA:0,<roqoqo::operations::measurement_operations::PragmaGetDensityMatrix as core::cmp::PartialEq>::ne
FNDA:0,<roqoqo::operations::measurement_operations::PragmaGetDensityMatrix as core::clone::Clone>::clone
FNDA:0,<roqoqo::operations::measurement_operations::PragmaGetDensityMatrix>::circuit
FNDA:0,<roqoqo::operations::measurement_operations::PragmaGetStateVector as roqoqo::operations::Substitute>::remap_qubits
FNDA:0,<<roqoqo::operations::measurement_operations::PragmaGetDensityMatrix as serde::de::Deserialize>::deserialize::__Field as serde::de::Deserialize>::deserialize::<serde_json::de::MapKey<serde_json::read::StrRead>>
FNDA:0,<roqoqo::operations::measurement_operations::PragmaGetStateVector as roqoqo::operations::Operate>::tags
FNDA:0,<roqoqo::operations::measurement_operations::PragmaGetDensityMatrix as roqoqo::operations::Operate>::hqslang
FNDA:0,<roqoqo::operations::measurement_operations::PragmaGetOccupationProbability as roqoqo::operations::Operate>::is_parametrized
FNDA:0,<roqoqo::operations::measurement_operations::PragmaGetDensityMatrix as serde::de::Deserialize>::deserialize::<&mut serde_json::de::Deserializer<serde_json::read::StrRead>>
FNDA:0,<roqoqo::operations::measurement_operations::PragmaGetStateVector as serde::de::Deserialize>::deserialize::<&mut bincode::de::Deserializer<bincode::de::read::SliceReader, bincode::config::WithOtherLimit<bincode::config::WithOtherTrailing<bincode::config::WithOtherIntEncoding<bincode::config::DefaultOptions, bincode::config::int::FixintEncoding>, bincode::config::trailing::AllowTrailing>, bincode::config::limit::Infinite>>>
FNDA:0,<roqoqo::operations::measurement_operations::MeasureQubit as core::clone::Clone>::clone
FNDA:0,<roqoqo::operations::measurement_operations::PragmaGetStateVector as serde::ser::Serialize>::serialize::<_>
FNDA:0,<roqoqo::operations::measurement_operations::PragmaGetStateVector>::circuit
FNDA:0,<roqoqo::operations::measurement_operations::PragmaGetPauliProduct as core::cmp::PartialEq>::ne
FNDA:0,<roqoqo::operations::measurement_operations::PragmaGetOccupationProbability as roqoqo::operations::Substitute>::remap_qubits
FNDA:0,<roqoqo::operations::measurement_operations::PragmaGetStateVector as core::clone::Clone>::clone
FNDA:0,<roqoqo::operations::measurement_operations::PragmaGetStateVector as core::cmp::PartialEq>::eq
FNDA:0,<roqoqo::operations::measurement_operations::PragmaGetOccupationProbability as core::cmp::PartialEq>::ne
FNDA:0,<roqoqo::operations::measurement_operations::PragmaGetStateVector as serde::de::Deserialize>::deserialize::<&mut serde_json::de::Deserializer<serde_json::read::StrRead>>
FNDA:0,<roqoqo::operations::measurement_operations::PragmaGetStateVector as core::cmp::PartialEq>::ne
FNDA:0,<roqoqo::operations::measurement_operations::MeasureQubit>::readout_index
FNDA:0,<roqoqo::operations::measurement_operations::PragmaGetStateVector as core::cmp::PartialEq>::eq
FNDA:0,<roqoqo::operations::measurement_operations::PragmaGetPauliProduct>::qubit_paulis
FNDA:0,<roqoqo::operations::measurement_operations::PragmaGetStateVector as serde::de::Deserialize>::deserialize::<&mut bincode::de::Deserializer<bincode::de::read::SliceReader, bincode::config::WithOtherLimit<bincode::config::WithOtherTrailing<bincode::config::WithOtherIntEncoding<bincode::config::DefaultOptions, bincode::config::int::FixintEncoding>, bincode::config::trailing::AllowTrailing>, bincode::config::limit::Infinite>>>
FNDA:0,<<roqoqo::operations::measurement_operations::PragmaRepeatedMeasurement as serde::de::Deserialize>::deserialize::__Field as serde::de::Deserialize>::deserialize::<_>
FNDA:0,<roqoqo::operations::measurement_operations::PragmaGetPauliProduct as core::clone::Clone>::clone
FNDA:0,<roqoqo::operations::measurement_operations::MeasureQubit>::new
FNDA:0,<<roqoqo::operations::measurement_operations::PragmaGetPauliProduct as serde::de::Deserialize>::deserialize::__FieldVisitor as serde::de::Visitor>::visit_str::<_>
FNDA:0,<<roqoqo::operations::measurement_operations::PragmaGetOccupationProbability as serde::de::Deserialize>::deserialize::__FieldVisitor as serde::de::Visitor>::visit_bytes::<_>
FNDA:0,<roqoqo::operations::measurement_operations::PragmaGetPauliProduct>::new
FNDA:0,<roqoqo::operations::measurement_operations::PragmaRepeatedMeasurement>::new
FNDA:0,<roqoqo::operations::measurement_operations::PragmaRepeatedMeasurement>::readout
FNDA:0,<roqoqo::operations::measurement_operations::MeasureQubit as serde::de::Deserialize>::deserialize::<_>
FNDA:0,<roqoqo::operations::measurement_operations::PragmaGetDensityMatrix as core::cmp::PartialEq>::ne
FNDA:0,<roqoqo::operations::measurement_operations::PragmaGetPauliProduct>::circuit
FNDA:0,<<roqoqo::operations::measurement_operations::PragmaGetOccupationProbability as serde::de::Deserialize>::deserialize::__FieldVisitor as serde::de::Visitor>::visit_str::<_>
FNDA:0,<roqoqo::operations::measurement_operations::PragmaGetDensityMatrix as roqoqo::operations::Substitute>::remap_qubits
FNDA:0,<roqoqo::operations::measurement_operations::PragmaGetDensityMatrix>::new
FNDA:0,<<roqoqo::operations::measurement_operations::PragmaRepeatedMeasurement as serde::de::Deserialize>::deserialize::__FieldVisitor as serde::de::Visitor>::visit_str::<_>
FNDA:0,<roqoqo::operations::measurement_operations::MeasureQubit>::new
FNDA:0,<<roqoqo::operations::measurement_operations::MeasureQubit as serde::de::Deserialize>::deserialize::__Field as serde::de::Deserialize>::deserialize::<serde_json::de::MapKey<serde_json::read::StrRead>>
FNDA:0,<<roqoqo::operations::measurement_operations::PragmaGetOccupationProbability as serde::de::Deserialize>::deserialize::__Visitor as serde::de::Visitor>::visit_map::<_>
FNDA:0,<roqoqo::operations::measurement_operations::PragmaGetDensityMatrix as core::cmp::PartialEq>::eq
FNDA:0,<roqoqo::operations::measurement_operations::PragmaGetStateVector>::new
FNDA:0,<roqoqo::operations::measurement_operations::PragmaGetStateVector as roqoqo::operations::Operate>::is_parametrized
FNDA:0,<<roqoqo::operations::measurement_operations::MeasureQubit as serde::de::Deserialize>::deserialize::__FieldVisitor as serde::de::Visitor>::visit_str::<_>
FNDA:0,<roqoqo::operations::measurement_operations::PragmaGetDensityMatrix>::circuit
FNDA:0,<roqoqo::operations::measurement_operations::PragmaGetOccupationProbability as core::cmp::PartialEq>::eq
FNDA:0,<<roqoqo::operations::measurement_operations::PragmaRepeatedMeasurement as serde::de::Deserialize>::deserialize::__FieldVisitor as serde::de::Visitor>::expecting
FNDA:0,<roqoqo::operations::measurement_operations::PragmaGetDensityMatrix as core::clone::Clone>::clone
FNDA:0,<roqoqo::operations::measurement_operations::MeasureQubit as roqoqo::operations::Operate>::hqslang
FNDA:0,<<roqoqo::operations::measurement_operations::PragmaGetStateVector as serde::de::Deserialize>::deserialize::__FieldVisitor as serde::de::Visitor>::visit_bytes::<_>
FNDA:0,<<roqoqo::operations::measurement_operations::MeasureQubit as serde::de::Deserialize>::deserialize::__Field as serde::de::Deserialize>::deserialize::<serde_json::de::MapKey<serde_json::read::StrRead>>
FNDA:0,<roqoqo::operations::measurement_operations::PragmaGetPauliProduct>::qubit_paulis
FNDA:0,<roqoqo::operations::measurement_operations::PragmaRepeatedMeasurement>::qubit_mapping
FNDA:0,<roqoqo::operations::measurement_operations::MeasureQubit>::readout
FNDA:0,<roqoqo::operations::measurement_operations::MeasureQubit as roqoqo::operations::Operate>::is_parametrized
FNDA:0,<roqoqo::operations::measurement_operations::PragmaRepeatedMeasurement>::new
FNDA:0,<roqoqo::operations::measurement_operations::MeasureQubit as roqoqo::operations::Operate>::tags
FNDA:0,<<roqoqo::operations::measurement_operations::PragmaGetDensityMatrix as serde::de::Deserialize>::deserialize::__FieldVisitor as serde::de::Visitor>::visit_u64::<_>
FNDA:0,<roqoqo::operations::measurement_operations::PragmaGetPauliProduct as core::clone::Clone>::clone
FNDA:0,<roqoqo::operations::measurement_operations::MeasureQubit as core::clone::Clone>::clone
FNDA:0,<<roqoqo::operations::measurement_operations::PragmaGetOccupationProbability as serde::de::Deserialize>::deserialize::__Field as serde::de::Deserialize>::deserialize::<_>
FNDA:0,<roqoqo::operations::measurement_operations::PragmaGetStateVector>::readout
FNDA:0,<roqoqo::operations::measurement_operations::PragmaGetStateVector as roqoqo::operations::InvolveQubits>::involved_qubits
FNDA:0,<roqoqo::operations::measurement_operations::PragmaGetOccupationProbability as core::cmp::PartialEq>::ne
FNDA:0,<roqoqo::operations::measurement_operations::PragmaRepeatedMeasurement as roqoqo::operations::Operate>::is_parametrized
FNDA:0,<roqoqo::operations::measurement_operations::PragmaGetStateVector>::new
FNDA:0,<roqoqo::operations::measurement_operations::PragmaGetOccupationProbability>::readout
FNDA:0,<<roqoqo::operations::measurement_operations::PragmaRepeatedMeasurement as serde::de::Deserialize>::deserialize::__Field as serde::de::Deserialize>::deserialize::<serde_json::de::MapKey<serde_json::read::StrRead>>
FNDA:0,<roqoqo::operations::measurement_operations::PragmaGetPauliProduct as roqoqo::operations::Operate>::tags
FNDA:0,<roqoqo::operations::measurement_operations::PragmaGetDensityMatrix as core::cmp::PartialEq>::ne
FNDA:0,<<roqoqo::operations::measurement_operations::PragmaGetStateVector as serde::de::Deserialize>::deserialize::__Field as serde::de::Deserialize>::deserialize::<serde_json::de::MapKey<serde_json::read::StrRead>>
FNDA:0,<<roqoqo::operations::measurement_operations::PragmaGetOccupationProbability as serde::de::Deserialize>::deserialize::__Field as serde::de::Deserialize>::deserialize::<serde_json::de::MapKey<serde_json::read::StrRead>>
FNDA:0,<<roqoqo::operations::measurement_operations::MeasureQubit as serde::de::Deserialize>::deserialize::__FieldVisitor as serde::de::Visitor>::expecting
FNDA:0,<roqoqo::operations::measurement_operations::PragmaRepeatedMeasurement as roqoqo::operations::Substitute>::remap_qubits
FNDA:0,<roqoqo::operations::measurement_operations::PragmaGetStateVector as serde::de::Deserialize>::deserialize::<_>
FNDA:0,<roqoqo::operations::measurement_operations::PragmaGetOccupationProbability as roqoqo::operations::Operate>::hqslang
FNDA:0,<roqoqo::operations::measurement_operations::PragmaGetOccupationProbability as core::cmp::PartialEq>::ne
FNDA:0,<roqoqo::operations::measurement_operations::MeasureQubit>::readout
FNDA:0,<<roqoqo::operations::measurement_operations::PragmaGetPauliProduct as serde::de::Deserialize>::deserialize::__FieldVisitor as serde::de::Visitor>::visit_u64::<_>
FNDA:0,<<roqoqo::operations::measurement_operations::PragmaGetDensityMatrix as serde::de::Deserialize>::deserialize::__Visitor as serde::de::Visitor>::visit_map::<_>
FNDA:0,<roqoqo::operations::measurement_operations::PragmaRepeatedMeasurement as core::cmp::PartialEq>::ne
FNDA:0,<roqoqo::operations::measurement_operations::MeasureQubit as roqoqo::operations::Operate>::hqslang
FNDA:0,<roqoqo::operations::measurement_operations::MeasureQubit as roqoqo::operations::Substitute>::substitute_parameters
FNDA:0,<<roqoqo::operations::measurement_operations::PragmaGetOccupationProbability as serde::de::Deserialize>::deserialize::__FieldVisitor as serde::de::Visitor>::expecting
FNDA:0,<roqoqo::operations::measurement_operations::MeasureQubit as roqoqo::operations::Operate>::is_parametrized
FNDA:0,<roqoqo::operations::measurement_operations::PragmaGetDensityMatrix>::new
FNDA:0,<roqoqo::operations::measurement_operations::PragmaGetOccupationProbability as core::fmt::Debug>::fmt
FNDA:0,<roqoqo::operations::measurement_operations::PragmaGetOccupationProbability as roqoqo::operations::Operate>::hqslang
FNDA:0,<<roqoqo::operations::measurement_operations::PragmaGetPauliProduct as serde::de::Deserialize>::deserialize::__Visitor as serde::de::Visitor>::visit_seq::<_>
FNDA:0,<roqoqo::operations::measurement_operations::PragmaGetPauliProduct as core::fmt::Debug>::fmt
FNDA:0,<roqoqo::operations::measurement_operations::PragmaGetStateVector as roqoqo::operations::Operate>::is_parametrized
FNDA:0,<roqoqo::operations::measurement_operations::PragmaRepeatedMeasurement as roqoqo::operations::Operate>::is_parametrized
FNDA:0,<roqoqo::operations::measurement_operations::MeasureQubit as roqoqo::operations::Operate>::tags
FNDA:0,<<roqoqo::operations::measurement_operations::PragmaGetDensityMatrix as serde::de::Deserialize>::deserialize::__Field as serde::de::Deserialize>::deserialize::<serde_json::de::MapKey<serde_json::read::StrRead>>
FNDA:0,<<roqoqo::operations::measurement_operations::PragmaGetOccupationProbability as serde::de::Deserialize>::deserialize::__Field as serde::de::Deserialize>::deserialize::<serde_json::de::MapKey<serde_json::read::StrRead>>
FNDA:0,<<roqoqo::operations::measurement_operations::PragmaGetPauliProduct as serde::de::Deserialize>::deserialize::__FieldVisitor as serde::de::Visitor>::expecting
FNDA:0,<roqoqo::operations::measurement_operations::PragmaGetPauliProduct>::readout
FNDA:0,<roqoqo::operations::measurement_operations::PragmaGetOccupationProbability as roqoqo::operations::Operate>::hqslang
FNDA:0,<roqoqo::operations::measurement_operations::PragmaGetOccupationProbability as serde::de::Deserialize>::deserialize::<&mut bincode::de::Deserializer<bincode::de::read::SliceReader, bincode::config::WithOtherLimit<bincode::config::WithOtherTrailing<bincode::config::WithOtherIntEncoding<bincode::config::DefaultOptions, bincode::config::int::FixintEncoding>, bincode::config::trailing::AllowTrailing>, bincode::config::limit::Infinite>>>
FNDA:0,<roqoqo::operations::measurement_operations::PragmaGetStateVector as roqoqo::operations::Substitute>::substitute_parameters
FNDA:0,<roqoqo::operations::measurement_operations::PragmaGetStateVector as serde::de::Deserialize>::deserialize::<&mut serde_json::de::Deserializer<serde_json::read::StrRead>>
FNDA:0,<roqoqo::operations::measurement_operations::PragmaGetPauliProduct as roqoqo::operations::Operate>::is_parametrized
FNDA:0,<roqoqo::operations::measurement_operations::PragmaGetStateVector as core::cmp::PartialEq>::ne
FNDA:0,<roqoqo::operations::measurement_operations::PragmaGetDensityMatrix>::readout
FNDA:0,<<roqoqo::operations::measurement_operations::PragmaGetPauliProduct as serde::de::Deserialize>::deserialize::__Field as serde::de::Deserialize>::deserialize::<serde_json::de::MapKey<serde_json::read::StrRead>>
FNDA:0,<<roqoqo::operations::measurement_operations::PragmaGetStateVector as serde::de::Deserialize>::deserialize::__Field as serde::de::Deserialize>::deserialize::<serde_json::de::MapKey<serde_json::read::StrRead>>
FNDA:0,<roqoqo::operations::measurement_operations::PragmaGetDensityMatrix as roqoqo::operations::Operate>::is_parametrized
FNDA:0,<roqoqo::operations::measurement_operations::PragmaGetOccupationProbability>::readout
FNDA:0,<roqoqo::operations::measurement_operations::PragmaGetStateVector as roqoqo::operations::Operate>::tags
FNDA:0,<roqoqo::operations::measurement_operations::PragmaRepeatedMeasurement as roqoqo::operations::Operate>::tags
FNDA:0,<roqoqo::operations::measurement_operations::PragmaGetPauliProduct as serde::de::Deserialize>::deserialize::<&mut serde_json::de::Deserializer<serde_json::read::StrRead>>
FNDA:0,<roqoqo::operations::measurement_operations::PragmaRepeatedMeasurement as serde::de::Deserialize>::deserialize::<&mut bincode::de::Deserializer<bincode::de::read::SliceReader, bincode::config::WithOtherLimit<bincode::config::WithOtherTrailing<bincode::config::WithOtherIntEncoding<bincode::config::DefaultOptions, bincode::config::int::FixintEncoding>, bincode::config::trailing::AllowTrailing>, bincode::config::limit::Infinite>>>
FNDA:0,<roqoqo::operations::measurement_operations::PragmaGetOccupationProbability as roqoqo::operations::Operate>::tags
FNDA:0,<roqoqo::operations::measurement_operations::PragmaGetDensityMatrix as serde::ser::Serialize>::serialize::<_>
FNDA:0,<roqoqo::operations::measurement_operations::PragmaGetDensityMatrix as core::cmp::PartialEq>::eq
FNDA:0,<roqoqo::operations::measurement_operations::PragmaGetOccupationProbability>::new
FNDA:0,<roqoqo::operations::measurement_operations::PragmaGetOccupationProbability>::circuit
FNDA:0,<roqoqo::operations::measurement_operations::PragmaGetPauliProduct>::circuit
FNDA:0,<roqoqo::operations::measurement_operations::PragmaGetPauliProduct as roqoqo::operations::Operate>::hqslang
FNDA:0,<roqoqo::operations::measurement_operations::PragmaRepeatedMeasurement as core::clone::Clone>::clone
FNDA:0,<roqoqo::operations::measurement_operations::PragmaGetDensityMatrix as roqoqo::operations::Operate>::tags
FNDA:0,<roqoqo::operations::measurement_operations::PragmaGetStateVector as core::cmp::PartialEq>::eq
FNDA:0,<roqoqo::operations::measurement_operations::PragmaGetDensityMatrix as roqoqo::operations::InvolveQubits>::involved_qubits
FNDA:0,<roqoqo::operations::measurement_operations::PragmaGetDensityMatrix as roqoqo::operations::Operate>::hqslang
FNDA:0,<roqoqo::operations::measurement_operations::PragmaGetDensityMatrix as serde::de::Deserialize>::deserialize::<&mut serde_json::de::Deserializer<serde_json::read::StrRead>>
FNDA:0,<<roqoqo::operations::measurement_operations::PragmaGetDensityMatrix as serde::de::Deserialize>::deserialize::__FieldVisitor as serde::de::Visitor>::visit_bytes::<_>
FNDA:0,<<roqoqo::operations::measurement_operations::PragmaGetDensityMatrix as serde::de::Deserialize>::deserialize::__FieldVisitor as serde::de::Visitor>::expecting
FNDA:0,<roqoqo::operations::measurement_operations::PragmaRepeatedMeasurement as roqoqo::operations::Substitute>::remap_qubits::{closure#0}
FNDA:0,<roqoqo::operations::measurement_operations::PragmaGetPauliProduct as serde::de::Deserialize>::deserialize::<&mut serde_json::de::Deserializer<serde_json::read::StrRead>>
FNDA:0,<roqoqo::operations::measurement_operations::PragmaGetDensityMatrix as roqoqo::operations::Substitute>::substitute_parameters
FNDA:0,<roqoqo::operations::measurement_operations::PragmaGetOccupationProbability as core::clone::Clone>::clone
FNDA:0,<<roqoqo::operations::measurement_operations::PragmaGetStateVector as serde::de::Deserialize>::deserialize::__Visitor as serde::de::Visitor>::visit_seq::<_>
FNDA:0,<roqoqo::operations::measurement_operations::PragmaGetDensityMatrix as roqoqo::operations::Operate>::tags
FNDA:0,<roqoqo::operations::measurement_operations::PragmaRepeatedMeasurement>::number_measurements
FNDA:0,<<roqoqo::operations::measurement_operations::PragmaGetOccupationProbability as serde::de::Deserialize>::deserialize::__Visitor as serde::de::Visitor>::expecting
FNDA:0,<roqoqo::operations::measurement_operations::PragmaRepeatedMeasurement as roqoqo::operations::Substitute>::substitute_parameters
FNDA:0,<roqoqo::operations::measurement_operations::PragmaRepeatedMeasurement>::number_measurements
FNDA:0,<<roqoqo::operations::measurement_operations::MeasureQubit as serde::de::Deserialize>::deserialize::__Visitor as serde::de::Visitor>::expecting
FNDA:0,<roqoqo::operations::measurement_operations::PragmaGetDensityMatrix>::circuit
FNDA:0,<roqoqo::operations::measurement_operations::MeasureQubit as core::cmp::PartialEq>::ne
FNDA:0,<roqoqo::operations::measurement_operations::PragmaRepeatedMeasurement>::readout
FNDA:0,<roqoqo::operations::measurement_operations::MeasureQubit as roqoqo::operations::Operate>::hqslang
FNDA:0,<roqoqo::operations::measurement_operations::PragmaRepeatedMeasurement>::qubit_mapping
FNDA:0,<<roqoqo::operations::measurement_operations::MeasureQubit as serde::de::Deserialize>::deserialize::__Field as serde::de::Deserialize>::deserialize::<_>
FNDA:0,<roqoqo::operations::measurement_operations::PragmaGetDensityMatrix as serde::de::Deserialize>::deserialize::<_>
FNDA:0,<roqoqo::operations::measurement_operations::PragmaGetOccupationProbability>::new
FNDA:0,<<roqoqo::operations::measurement_operations::PragmaRepeatedMeasurement as serde::de::Deserialize>::deserialize::__Visitor as serde::de::Visitor>::visit_map::<_>
[...]
FNDA:0,<roqoqo::operations::single_qubit_gate_operations::RotateY as core::cmp::PartialEq>::eq
FNDA:0,<<roqoqo::operations::single_qubit_gate_operations::PauliZ as serde::de::Deserialize>::deserialize::__Visitor as serde::de::Visitor>::visit_map::<_>
FNDA:0,<roqoqo::operations::single_qubit_gate_operations::SGate as roqoqo::operations::OperateSingleQubit>::qubit
FNDA:0,<roqoqo::operations::single_qubit_gate_operations::SqrtPauliX as roqoqo::operations::OperateSingleQubitGate>::alpha_r
FNDA:0,<<roqoqo::operations::single_qubit_gate_operations::RotateY as serde::de::Deserialize>::deserialize::__FieldVisitor as serde::de::Visitor>::visit_str::<_>
FNDA:0,<<roqoqo::operations::single_qubit_gate_operations::RotateZ as serde::de::Deserialize>::deserialize::__Visitor as serde::de::Visitor>::expecting
FNDA:0,<roqoqo::operations::single_qubit_gate_operations::TGate as roqoqo::operations::Operate>::hqslang
FNDA:0,<roqoqo::operations::single_qubit_gate_operations::PauliX as roqoqo::operations::Operate>::hqslang
FNDA:0,<roqoqo::operations::single_qubit_gate_operations::Hadamard as core::cmp::PartialEq>::eq
FNDA:0,<<roqoqo::operations::single_qubit_gate_operations::RotateY as serde::de::Deserialize>::deserialize::__Field as serde::de::Deserialize>::deserialize::<_>
FNDA:0,<roqoqo::operations::single_qubit_gate_operations::RotateY as roqoqo::operations::OperateSingleQubitGate>::alpha_i
FNDA:0,<roqoqo::operations::single_qubit_gate_operations::RotateZ as roqoqo::operations::Rotate>::theta
FNDA:0,<<roqoqo::operations::single_qubit_gate_operations::RotateX as serde::de::Deserialize>::deserialize::__Visitor as serde::de::Visitor>::visit_map::<_>
FNDA:0,<<roqoqo::operations::single_qubit_gate_operations::SingleQubitGate as serde::de::Deserialize>::deserialize::__Visitor as serde::de::Visitor>::expecting
FNDA:0,<roqoqo::operations::single_qubit_gate_operations::SqrtPauliX as roqoqo::operations::Operate>::hqslang
FNDA:0,<roqoqo::operations::single_qubit_gate_operations::SqrtPauliX as roqoqo::operations::Operate>::is_parametrized
FNDA:0,<roqoqo::operations::single_qubit_gate_operations::PauliY as core::cmp::PartialEq>::ne
FNDA:0,<roqoqo::operations::single_qubit_gate_operations::RotateY as roqoqo::operations::Substitute>::remap_qubits::{closure#0}
FNDA:0,<roqoqo::operations::single_qubit_gate_operations::Hadamard as core::cmp::PartialEq>::eq
FNDA:0,<<roqoqo::operations::single_qubit_gate_operations::PauliZ as serde::de::Deserialize>::deserialize::__Field as serde::de::Deserialize>::deserialize::<_>
FNDA:0,<roqoqo::operations::single_qubit_gate_operations::InvSqrtPauliX as core::cmp::PartialEq>::eq
FNDA:0,<roqoqo::operations::single_qubit_gate_operations::InvSqrtPauliX as roqoqo::operations::OperateSingleQubitGate>::global_phase
FNDA:0,<roqoqo::operations::single_qubit_gate_operations::TGate as roqoqo::operations::Operate>::tags
FNDA:0,<<roqoqo::operations::single_qubit_gate_operations::SqrtPauliX as serde::de::Deserialize>::deserialize::__FieldVisitor as serde::de::Visitor>::visit_str::<serde_json::error::Error>
FNDA:0,<roqoqo::operations::single_qubit_gate_operations::InvSqrtPauliX as core::cmp::PartialEq>::eq
FNDA:0,<<roqoqo::operations::single_qubit_gate_operations::PauliX as serde::de::Deserialize>::deserialize::__Visitor as serde::de::Visitor>::expecting
FNDA:0,<roqoqo::operations::single_qubit_gate_operations::RotateZ as serde::de::Deserialize>::deserialize::<&mut bincode::de::Deserializer<bincode::de::read::SliceReader, bincode::config::WithOtherLimit<bincode::config::WithOtherTrailing<bincode::config::WithOtherIntEncoding<bincode::config::DefaultOptions, bincode::config::int::FixintEncoding>, bincode::config::trailing::AllowTrailing>, bincode::config::limit::Infinite>>>
FNDA:0,<roqoqo::operations::single_qubit_gate_operations::RotateX as roqoqo::operations::Rotate>::overrotate
FNDA:0,<roqoqo::operations::single_qubit_gate_operations::RotateAroundSphericalAxis as roqoqo::operations::Substitute>::remap_qubits::{closure#0}
FNDA:0,<roqoqo::operations::single_qubit_gate_operations::SGate as core::cmp::PartialEq>::ne
FNDA:0,<roqoqo::operations::single_qubit_gate_operations::RotateAroundSphericalAxis>::spherical_phi
FNDA:0,<roqoqo::operations::single_qubit_gate_operations::PauliY as serde::de::Deserialize>::deserialize::<_>
FNDA:0,<<roqoqo::operations::single_qubit_gate_operations::Hadamard as serde::de::Deserialize>::deserialize::__Field as serde::de::Deserialize>::deserialize::<_>
FNDA:0,<<roqoqo::operations::single_qubit_gate_operations::SingleQubitGate as serde::de::Deserialize>::deserialize::__Visitor as serde::de::Visitor>::visit_seq::<_>
FNDA:0,<roqoqo::operations::single_qubit_gate_operations::InvSqrtPauliX as serde::de::Deserialize>::deserialize::<&mut serde_json::de::Deserializer<serde_json::read::StrRead>>
FNDA:0,<roqoqo::operations::single_qubit_gate_operations::PauliY as core::cmp::PartialEq>::ne
FNDA:0,<roqoqo::operations::single_qubit_gate_operations::SingleQubitGate as roqoqo::operations::OperateSingleQubitGate>::alpha_i
FNDA:0,<roqoqo::operations::single_qubit_gate_operations::PauliY as core::cmp::PartialEq>::eq
FNDA:0,<roqoqo::operations::single_qubit_gate_operations::RotateX as roqoqo::operations::Substitute>::remap_qubits::{closure#1}
FNDA:0,<<roqoqo::operations::single_qubit_gate_operations::SqrtPauliX as serde::de::Deserialize>::deserialize::__FieldVisitor as serde::de::Visitor>::visit_bytes::<_>
FNDA:0,<<roqoqo::operations::single_qubit_gate_operations::InvSqrtPauliX as serde::de::Deserialize>::deserialize::__Field as serde::de::Deserialize>::deserialize::<_>
FNDA:0,<<roqoqo::operations::single_qubit_gate_operations::TGate as serde::de::Deserialize>::deserialize::__FieldVisitor as serde::de::Visitor>::visit_bytes::<_>
FNDA:0,<roqoqo::operations::single_qubit_gate_operations::SqrtPauliX as roqoqo::operations::Operate>::hqslang
FNDA:0,<<roqoqo::operations::single_qubit_gate_operations::PauliX as serde::de::Deserialize>::deserialize::__Field as serde::de::Deserialize>::deserialize::<serde_json::de::MapKey<serde_json::read::StrRead>>
FNDA:0,<roqoqo::operations::single_qubit_gate_operations::RotateAroundSphericalAxis>::spherical_phi
FNDA:0,<roqoqo::operations::single_qubit_gate_operations::RotateY as roqoqo::operations::OperateSingleQubitGate>::beta_i
FNDA:0,<roqoqo::operations::single_qubit_gate_operations::PauliY as core::cmp::PartialEq>::eq
FNDA:0,<roqoqo::operations::single_qubit_gate_operations::RotateAroundSphericalAxis as core::clone::Clone>::clone
FNDA:0,<roqoqo::operations::single_qubit_gate_operations::SGate as serde::de::Deserialize>::deserialize::<_>
FNDA:0,<<roqoqo::operations::single_qubit_gate_operations::RotateAroundSphericalAxis as serde::de::Deserialize>::deserialize::__Field as serde::de::Deserialize>::deserialize::<_>
FNDA:0,<roqoqo::operations::single_qubit_gate_operations::RotateX as serde::de::Deserialize>::deserialize::<_>
FNDA:0,<roqoqo::operations::single_qubit_gate_operations::Hadamard as serde::de::Deserialize>::deserialize::<&mut serde_json::de::Deserializer<serde_json::read::StrRead>>
FNDA:0,<roqoqo::operations::single_qubit_gate_operations::InvSqrtPauliX as serde::de::Deserialize>::deserialize::<_>
FNDA:0,<roqoqo::operations::single_qubit_gate_operations::Hadamard as core::cmp::PartialEq>::ne
FNDA:0,<roqoqo::operations::single_qubit_gate_operations::InvSqrtPauliX as core::cmp::PartialEq>::eq
FNDA:0,<roqoqo::operations::single_qubit_gate_operations::Hadamard as roqoqo::operations::Operate>::tags
FNDA:0,<<roqoqo::operations::single_qubit_gate_operations::PauliY as serde::de::Deserialize>::deserialize::__Field as serde::de::Deserialize>::deserialize::<serde_json::de::MapKey<serde_json::read::StrRead>>
FNDA:0,<roqoqo::operations::single_qubit_gate_operations::RotateZ as roqoqo::operations::Substitute>::substitute_parameters
FNDA:0,<roqoqo::operations::single_qubit_gate_operations::PauliX as roqoqo::operations::OperateSingleQubitGate>::global_phase
FNDA:0,<roqoqo::operations::single_qubit_gate_operations::SqrtPauliX as serde::de::Deserialize>::deserialize::<_>
FNDA:0,<<roqoqo::operations::single_qubit_gate_operations::PauliZ as serde::de::Deserialize>::deserialize::__FieldVisitor as serde::de::Visitor>::visit_str::<_>
FNDA:0,<roqoqo::operations::single_qubit_gate_operations::InvSqrtPauliX as serde::ser::Serialize>::serialize::<_>
FNDA:0,<<roqoqo::operations::single_qubit_gate_operations::PauliZ as serde::de::Deserialize>::deserialize::__FieldVisitor as serde::de::Visitor>::expecting
FNDA:0,<roqoqo::operations::single_qubit_gate_operations::RotateZ as core::cmp::PartialEq>::eq
FNDA:0,<roqoqo::operations::single_qubit_gate_operations::InvSqrtPauliX as roqoqo::operations::Operate>::is_parametrized
FNDA:0,<roqoqo::operations::single_qubit_gate_operations::InvSqrtPauliX as roqoqo::operations::Substitute>::remap_qubits
FNDA:0,<roqoqo::operations::single_qubit_gate_operations::SqrtPauliX as roqoqo::operations::Substitute>::remap_qubits::{closure#1}
FNDA:0,<<roqoqo::operations::single_qubit_gate_operations::PauliY as serde::de::Deserialize>::deserialize::__FieldVisitor as serde::de::Visitor>::visit_str::<serde_json::error::Error>
FNDA:0,<roqoqo::operations::single_qubit_gate_operations::PauliZ as roqoqo::operations::OperateGate>::unitary_matrix
FNDA:0,<roqoqo::operations::single_qubit_gate_operations::Hadamard as roqoqo::operations::OperateSingleQubit>::qubit
FNDA:0,<<roqoqo::operations::single_qubit_gate_operations::SGate as serde::de::Deserialize>::deserialize::__Field as serde::de::Deserialize>::deserialize::<_>
FNDA:0,<roqoqo::operations::single_qubit_gate_operations::RotateX>::new
FNDA:0,<roqoqo::operations::single_qubit_gate_operations::PauliY as roqoqo::operations::Operate>::tags
FNDA:0,<roqoqo::operations::single_qubit_gate_operations::TGate as core::fmt::Debug>::fmt
FNDA:0,<<roqoqo::operations::single_qubit_gate_operations::SqrtPauliX as serde::de::Deserialize>::deserialize::__FieldVisitor as serde::de::Visitor>::visit_str::<_>
FNDA:0,<roqoqo::operations::single_qubit_gate_operations::RotateY as roqoqo::operations::Substitute>::remap_qubits::{closure#1}
FNDA:0,<<roqoqo::operations::single_qubit_gate_operations::Hadamard as serde::de::Deserialize>::deserialize::__Field as serde::de::Deserialize>::deserialize::<serde_json::de::MapKey<serde_json::read::StrRead>>
FNDA:0,<roqoqo::operations::single_qubit_gate_operations::RotateX as roqoqo::operations::OperateSingleQubitGate>::beta_i
FNDA:0,<<roqoqo::operations::single_qubit_gate_operations::SGate as serde::de::Deserialize>::deserialize::__Visitor as serde::de::Visitor>::visit_map::<_>
FNDA:0,<roqoqo::operations::single_qubit_gate_operations::Hadamard>::new
FNDA:0,<roqoqo::operations::single_qubit_gate_operations::Hadamard as roqoqo::operations::Operate>::is_parametrized
FNDA:0,<roqoqo::operations::single_qubit_gate_operations::Hadamard as roqoqo::operations::Operate>::tags
FNDA:0,<roqoqo::operations::single_qubit_gate_operations::RotateX as roqoqo::operations::Operate>::tags
FNDA:0,<roqoqo::operations::single_qubit_gate_operations::TGate as core::clone::Clone>::clone
FNDA:0,<<roqoqo::operations::single_qubit_gate_operations::SingleQubitGate as serde::de::Deserialize>::deserialize::__Field as serde::de::Deserialize>::deserialize::<serde_json::de::MapKey<serde_json::read::StrRead>>
FNDA:0,<roqoqo::operations::single_qubit_gate_operations::PauliX as serde::de::Deserialize>::deserialize::<_>
FNDA:0,<roqoqo::operations::single_qubit_gate_operations::RotateZ as roqoqo::operations::Operate>::is_parametrized
FNDA:0,<roqoqo::operations::single_qubit_gate_operations::RotateZ as roqoqo::operations::Rotate>::powercf
FNDA:0,<<roqoqo::operations::single_qubit_gate_operations::RotateAroundSphericalAxis as serde::de::Deserialize>::deserialize::__FieldVisitor as serde::de::Visitor>::visit_u64::<_>
FNDA:0,<roqoqo::operations::single_qubit_gate_operations::PauliX>::new
FNDA:0,<<roqoqo::operations::single_qubit_gate_operations::RotateX as serde::de::Deserialize>::deserialize::__FieldVisitor as serde::de::Visitor>::visit_u64::<_>
FNDA:0,<<roqoqo::operations::single_qubit_gate_operations::SGate as serde::de::Deserialize>::deserialize::__FieldVisitor as serde::de::Visitor>::visit_u64::<_>
FNDA:0,<roqoqo::operations::single_qubit_gate_operations::PauliZ as roqoqo::operations::OperateSingleQubitGate>::alpha_i
FNDA:0,<roqoqo::operations::single_qubit_gate_operations::RotateZ as roqoqo::operations::OperateSingleQubitGate>::alpha_i
FNDA:0,<roqoqo::operations::single_qubit_gate_operations::RotateZ as core::cmp::PartialEq>::ne
FNDA:0,<roqoqo::operations::single_qubit_gate_operations::PauliY>::new
FNDA:0,<roqoqo::operations::single_qubit_gate_operations::PauliZ as serde::de::Deserialize>::deserialize::<&mut bincode::de::Deserializer<bincode::de::read::SliceReader, bincode::config::WithOtherLimit<bincode::config::WithOtherTrailing<bincode::config::WithOtherIntEncoding<bincode::config::DefaultOptions, bincode::config::int::FixintEncoding>, bincode::config::trailing::AllowTrailing>, bincode::config::limit::Infinite>>>
FNDA:0,<roqoqo::operations::single_qubit_gate_operations::PauliX as roqoqo::operations::OperateGate>::unitary_matrix
FNDA:0,<roqoqo::operations::single_qubit_gate_operations::PauliY as roqoqo::operations::OperateGate>::unitary_matrix
FNDA:0,<<roqoqo::operations::single_qubit_gate_operations::PauliY as serde::de::Deserialize>::deserialize::__Visitor as serde::de::Visitor>::expecting
FNDA:0,<<roqoqo::operations::single_qubit_gate_operations::PauliZ as serde::de::Deserialize>::deserialize::__FieldVisitor as serde::de::Visitor>::visit_u64::<_>
FNDA:0,<roqoqo::operations::single_qubit_gate_operations::InvSqrtPauliX as serde::de::Deserialize>::deserialize::<&mut serde_json::de::Deserializer<serde_json::read::StrRead>>
FNDA:0,<<roqoqo::operations::single_qubit_gate_operations::PauliX as serde::de::Deserialize>::deserialize::__Visitor as serde::de::Visitor>::visit_seq::<_>
FNDA:0,<roqoqo::operations::single_qubit_gate_operations::RotateY as roqoqo::operations::Operate>::hqslang
FNDA:0,<<roqoqo::operations::single_qubit_gate_operations::RotateY as serde::de::Deserialize>::deserialize::__FieldVisitor as serde::de::Visitor>::visit_bytes::<_>
FNDA:0,<roqoqo::operations::single_qubit_gate_operations::PauliY as roqoqo::operations::Operate>::hqslang
FNDA:0,<roqoqo::operations::single_qubit_gate_operations::SqrtPauliX as core::clone::Clone>::clone
FNDA:0,<roqoqo::operations::single_qubit_gate_operations::SingleQubitGate as serde::de::Deserialize>::deserialize::<&mut bincode::de::Deserializer<bincode::de::read::SliceReader, bincode::config::WithOtherLimit<bincode::config::WithOtherTrailing<bincode::config::WithOtherIntEncoding<bincode::config::DefaultOptions, bincode::config::int::FixintEncoding>, bincode::config::trailing::AllowTrailing>, bincode::config::limit::Infinite>>>
FNDA:0,<<roqoqo::operations::single_qubit_gate_operations::Hadamard as serde::de::Deserialize>::deserialize::__FieldVisitor as serde::de::Visitor>::visit_str::<serde_json::error::Error>
FNDA:0,<<roqoqo::operations::single_qubit_gate_operations::RotateZ as serde::de::Deserialize>::deserialize::__Visitor as serde::de::Visitor>::visit_map::<_>
FNDA:0,<roqoqo::operations::single_qubit_gate_operations::RotateY as serde::de::Deserialize>::deserialize::<&mut serde_json::de::Deserializer<serde_json::read::StrRead>>
FNDA:0,<roqoqo::operations::single_qubit_gate_operations::SGate as roqoqo::operations::Operate>::tags
FNDA:0,<roqoqo::operations::single_qubit_gate_operations::PauliX as serde::de::Deserialize>::deserialize::<&mut bincode::de::Deserializer<bincode::de::read::SliceReader, bincode::config::WithOtherLimit<bincode::config::WithOtherTrailing<bincode::config::WithOtherIntEncoding<bincode::config::DefaultOptions, bincode::config::int::FixintEncoding>, bincode::config::trailing::AllowTrailing>, bincode::config::limit::Infinite>>>
FNF:716
FNH:0
BRF:0
BRH:0
DA:40,0
DA:41,0
DA:42,0
DA:43,0
DA:44,0
DA:45,0
DA:46,0
DA:48,0
DA:80,0
DA:81,0
DA:82,0
DA:83,0
DA:84,0
DA:85,0
DA:87,0
DA:88,0
DA:89,0
DA:90,0
DA:92,0
DA:93,0
DA:94,0
DA:95,0
DA:96,0
DA:97,0
DA:98,0
DA:99,0
DA:100,0
DA:102,0
DA:103,0
DA:104,0
DA:105,0
DA:106,0
DA:107,0
DA:108,0
DA:109,0
DA:110,0
DA:111,0
DA:112,0
DA:114,0
DA:124,0
DA:125,0
DA:126,0
DA:132,0
DA:133,0
DA:134,0
DA:140,0
DA:141,0
DA:142,0
DA:148,0
DA:149,0
DA:150,0
DA:156,0
DA:157,0
DA:158,0
DA:175,0
DA:176,0
DA:177,0
DA:178,0
DA:179,0
DA:180,0
DA:181,0
DA:182,0
DA:184,0
DA:209,0
DA:210,0
DA:211,0
DA:212,0
DA:213,0
DA:214,0
DA:215,0
DA:216,0
DA:226,0
DA:227,0
DA:228,0
DA:235,0
DA:236,0
DA:237,0
DA:244,0
DA:245,0
DA:246,0
DA:253,0
DA:254,0
DA:255,0
DA:262,0
DA:263,0
DA:264,0
DA:281,0
DA:282,0
DA:283,0
DA:284,0
DA:285,0
DA:286,0
DA:287,0
DA:288,0
DA:290,0
DA:314,0
DA:315,0
DA:316,0
DA:317,0
DA:318,0
DA:319,0
DA:320,0
DA:321,0
DA:331,0
DA:332,0
DA:333,0
DA:339,0
DA:340,0
DA:341,0
DA:347,0
DA:348,0
DA:349,0
DA:355,0
DA:356,0
DA:357,0
DA:363,0
DA:364,0
DA:365,0
DA:382,0
DA:383,0
DA:384,0
DA:385,0
DA:386,0
DA:387,0
DA:388,0
DA:389,0
DA:391,0
DA:415,0
DA:416,0
DA:417,0
DA:418,0
DA:419,0
DA:420,0
DA:421,0
DA:422,0
DA:432,0
DA:433,0
DA:434,0
DA:440,0
DA:441,0
DA:442,0
DA:448,0
DA:449,0
DA:450,0
DA:456,0
DA:457,0
DA:458,0
DA:464,0
DA:465,0
DA:466,0
DA:479,0
DA:480,0
DA:481,0
DA:482,0
DA:483,0
DA:484,0
DA:485,0
DA:487,0
DA:509,0
DA:510,0
DA:511,0
DA:512,0
DA:513,0
DA:514,0
DA:524,0
DA:525,0
DA:526,0
DA:532,0
DA:533,0
DA:534,0
DA:540,0
DA:541,0
DA:542,0
DA:548,0
DA:549,0
DA:550,0
DA:556,0
DA:557,0
DA:558,0
DA:571,0
DA:572,0
DA:573,0
DA:574,0
DA:575,0
DA:576,0
DA:577,0
DA:579,0
DA:601,0
DA:602,0
DA:603,0
DA:604,0
DA:605,0
DA:606,0
DA:616,0
DA:617,0
DA:618,0
DA:624,0
DA:625,0
DA:626,0
DA:632,0
DA:633,0
DA:634,0
DA:640,0
DA:641,0
DA:642,0
DA:648,0
DA:649,0
DA:650,0
DA:663,0
DA:664,0
DA:665,0
DA:666,0
DA:667,0
DA:668,0
DA:669,0
DA:671,0
DA:693,0
DA:694,0
DA:695,0
DA:696,0
DA:697,0
DA:698,0
DA:708,0
DA:709,0
DA:710,0
DA:716,0
DA:717,0
DA:718,0
DA:724,0
DA:725,0
DA:726,0
DA:732,0
DA:733,0
DA:734,0
DA:740,0
DA:741,0
DA:742,0
DA:755,0
DA:756,0
DA:757,0
DA:758,0
DA:759,0
DA:760,0
DA:761,0
DA:763,0
DA:785,0
DA:786,0
DA:787,0
DA:788,0
DA:789,0
DA:790,0
DA:791,0
DA:792,0
DA:793,0
DA:803,0
DA:804,0
DA:805,0
DA:811,0
DA:812,0
DA:813,0
DA:819,0
DA:820,0
DA:821,0
DA:827,0
DA:828,0
DA:829,0
DA:835,0
DA:836,0
DA:837,0
DA:850,0
DA:851,0
DA:852,0
DA:853,0
DA:854,0
DA:855,0
DA:856,0
DA:858,0
DA:880,0
DA:881,0
DA:882,0
DA:883,0
DA:884,0
DA:885,0
DA:886,0
DA:887,0
DA:888,0
DA:898,0
DA:899,0
DA:900,0
DA:906,0
DA:907,0
DA:908,0
DA:914,0
DA:915,0
DA:916,0
DA:922,0
DA:923,0
DA:924,0
DA:930,0
DA:931,0
DA:932,0
DA:945,0
DA:946,0
DA:947,0
DA:948,0
DA:949,0
DA:950,0
DA:951,0
DA:953,0
DA:975,0
DA:976,0
DA:977,0
DA:978,0
DA:979,0
DA:980,0
DA:981,0
DA:991,0
DA:992,0
DA:993,0
DA:999,0
DA:1000,0
DA:1001,0
DA:1007,0
DA:1008,0
DA:1009,0
DA:1015,0
DA:1016,0
DA:1017,0
DA:1023,0
DA:1024,0
DA:1025,0
DA:1038,0
DA:1039,0
DA:1040,0
DA:1041,0
DA:1042,0
DA:1043,0
DA:1044,0
DA:1046,0
DA:1068,0
DA:1069,0
DA:1070,0
DA:1071,0
DA:1072,0
DA:1073,0
DA:1083,0
DA:1084,0
DA:1085,0
DA:1091,0
DA:1092,0
DA:1093,0
DA:1099,0
DA:1100,0
DA:1101,0
DA:1107,0
DA:1108,0
DA:1109,0
DA:1115,0
DA:1116,0
DA:1117,0
DA:1130,0
DA:1131,0
DA:1132,0
DA:1133,0
DA:1134,0
DA:1135,0
DA:1136,0
DA:1138,0
DA:1160,0
DA:1161,0
DA:1162,0
DA:1163,0
DA:1164,0
DA:1165,0
DA:1166,0
DA:1167,0
DA:1168,0
DA:1178,0
DA:1179,0
DA:1180,0
DA:1186,0
DA:1187,0
DA:1188,0
DA:1194,0
DA:1195,0
DA:1196,0
DA:1202,0
DA:1203,0
DA:1204,0
DA:1210,0
DA:1211,0
DA:1212,0
DA:1234,0
DA:1235,0
DA:1236,0
DA:1237,0
DA:1238,0
DA:1239,0
DA:1240,0
DA:1241,0
DA:1243,0
DA:1272,0
DA:1273,0
DA:1274,0
DA:1275,0
DA:1276,0
DA:1277,0
DA:1278,0
DA:1279,0
DA:1280,0
DA:1281,0
DA:1282,0
DA:1283,0
DA:1284,0
DA:1285,0
DA:1286,0
DA:1287,0
DA:1288,0
DA:1289,0
DA:1290,0
DA:1300,0
DA:1301,0
DA:1302,0
DA:1308,0
DA:1309,0
DA:1310,0
DA:1311,0
DA:1312,0
DA:1318,0
DA:1319,0
DA:1320,0
DA:1321,0
DA:1322,0
DA:1323,0
DA:1329,0
DA:1330,0
DA:1331,0
DA:1332,0
DA:1333,0
DA:1334,0
DA:1340,0
DA:1341,0
DA:1342,0
LF:443
LH:0
end_of_record
